<?xml version="1.0" encoding="UTF-8"?>
<coverage generated="1781331586351" clover="3.2.0">
  <project timestamp="1781331586352" name="All files">
    <metrics statements="455" coveredstatements="318" conditionals="307" coveredconditionals="164" methods="92" coveredmethods="46" elements="854" coveredelements="528" complexity="0" loc="455" ncloc="455" packages="3" files="11" classes="11"/>
    <package name="app.chat">
      <metrics statements="186" coveredstatements="119" conditionals="137" coveredconditionals="79" methods="29" coveredmethods="16"/>
      <file name="ChatContent.tsx" path="/home/bright/code/szyg/web/app/chat/ChatContent.tsx">
        <metrics statements="186" coveredstatements="119" conditionals="137" coveredconditionals="79" methods="29" coveredmethods="16"/>
        <line num="3" count="1" type="stmt"/>
        <line num="4" count="1" type="stmt"/>
        <line num="5" count="1" type="stmt"/>
        <line num="6" count="1" type="stmt"/>
        <line num="7" count="1" type="stmt"/>
        <line num="8" count="1" type="stmt"/>
        <line num="9" count="1" type="stmt"/>
        <line num="10" count="1" type="stmt"/>
        <line num="11" count="1" type="stmt"/>
        <line num="22" count="1" type="stmt"/>
        <line num="31" count="0" type="stmt"/>
        <line num="32" count="0" type="cond" truecount="0" falsecount="2"/>
        <line num="71" count="3" type="stmt"/>
        <line num="72" count="3" type="stmt"/>
        <line num="73" count="3" type="stmt"/>
        <line num="75" count="3" type="stmt"/>
        <line num="76" count="4" type="cond" truecount="2" falsecount="0"/>
        <line num="77" count="2" type="stmt"/>
        <line num="78" count="2" type="stmt"/>
        <line num="79" count="2" type="cond" truecount="2" falsecount="0"/>
        <line num="80" count="2" type="cond" truecount="1" falsecount="1"/>
        <line num="81" count="2" type="cond" truecount="1" falsecount="1"/>
        <line num="82" count="0" type="stmt"/>
        <line num="84" count="2" type="stmt"/>
        <line num="88" count="3" type="stmt"/>
        <line num="89" count="3" type="stmt"/>
        <line num="90" count="3" type="cond" truecount="3" falsecount="1"/>
        <line num="91" count="0" type="stmt"/>
        <line num="92" count="0" type="stmt"/>
        <line num="93" count="3" type="cond" truecount="3" falsecount="1"/>
        <line num="94" count="0" type="stmt"/>
        <line num="95" count="0" type="stmt"/>
        <line num="96" count="3" type="cond" truecount="3" falsecount="1"/>
        <line num="97" count="0" type="stmt"/>
        <line num="98" count="0" type="stmt"/>
        <line num="99" count="3" type="cond" truecount="1" falsecount="1"/>
        <line num="100" count="0" type="stmt"/>
        <line num="101" count="0" type="stmt"/>
        <line num="102" count="3" type="cond" truecount="2" falsecount="0"/>
        <line num="103" count="1" type="stmt"/>
        <line num="104" count="1" type="stmt"/>
        <line num="105" count="2" type="cond" truecount="1" falsecount="1"/>
        <line num="106" count="0" type="stmt"/>
        <line num="107" count="0" type="stmt"/>
        <line num="109" count="2" type="stmt"/>
        <line num="112" count="3" type="stmt"/>
        <line num="113" count="3" type="stmt"/>
        <line num="117" count="3" type="stmt"/>
        <line num="121" count="1" type="cond" truecount="1" falsecount="1"/>
        <line num="122" count="0" type="stmt"/>
        <line num="130" count="1" type="cond" truecount="1" falsecount="1"/>
        <line num="131" count="0" type="stmt"/>
        <line num="138" count="1" type="cond" truecount="1" falsecount="1"/>
        <line num="139" count="0" type="stmt"/>
        <line num="146" count="1" type="cond" truecount="1" falsecount="1"/>
        <line num="147" count="0" type="stmt"/>
        <line num="153" count="1" type="cond" truecount="1" falsecount="1"/>
        <line num="154" count="0" type="stmt"/>
        <line num="160" count="1" type="cond" truecount="1" falsecount="1"/>
        <line num="161" count="1" type="stmt"/>
        <line num="167" count="0" type="cond" truecount="0" falsecount="2"/>
        <line num="168" count="0" type="stmt"/>
        <line num="170" count="0" type="stmt"/>
        <line num="177" count="9" type="cond" truecount="2" falsecount="0"/>
        <line num="183" count="8" type="stmt"/>
        <line num="184" count="55" type="stmt"/>
        <line num="185" count="55" type="stmt"/>
        <line num="190" count="55" type="stmt"/>
        <line num="192" count="55" type="stmt"/>
        <line num="193" count="55" type="stmt"/>
        <line num="194" count="55" type="stmt"/>
        <line num="195" count="55" type="stmt"/>
        <line num="196" count="55" type="stmt"/>
        <line num="197" count="55" type="stmt"/>
        <line num="198" count="55" type="stmt"/>
        <line num="200" count="55" type="stmt"/>
        <line num="201" count="44" type="stmt"/>
        <line num="202" count="44" type="cond" truecount="1" falsecount="1"/>
        <line num="203" count="44" type="stmt"/>
        <line num="204" count="44" type="stmt"/>
        <line num="205" count="44" type="cond" truecount="1" falsecount="1"/>
        <line num="206" count="0" type="stmt"/>
        <line num="210" count="55" type="stmt"/>
        <line num="211" count="44" type="stmt"/>
        <line num="216" count="0" type="stmt"/>
        <line num="217" count="0" type="stmt"/>
        <line num="218" count="0" type="cond" truecount="0" falsecount="2"/>
        <line num="219" count="0" type="stmt"/>
        <line num="223" count="0" type="stmt"/>
        <line num="224" count="0" type="stmt"/>
        <line num="225" count="0" type="cond" truecount="0" falsecount="2"/>
        <line num="226" count="0" type="cond" truecount="0" falsecount="2"/>
        <line num="227" count="0" type="stmt"/>
        <line num="231" count="0" type="stmt"/>
        <line num="232" count="0" type="cond" truecount="0" falsecount="2"/>
        <line num="233" count="0" type="stmt"/>
        <line num="234" count="0" type="stmt"/>
        <line num="235" count="0" type="cond" truecount="0" falsecount="4"/>
        <line num="238" count="0" type="stmt"/>
        <line num="240" count="0" type="stmt"/>
        <line num="244" count="55" type="stmt"/>
        <line num="245" count="8" type="cond" truecount="1" falsecount="1"/>
        <line num="246" count="8" type="cond" truecount="1" falsecount="1"/>
        <line num="251" count="55" type="stmt"/>
        <line num="252" count="22" type="cond" truecount="1" falsecount="1"/>
        <line num="253" count="22" type="stmt"/>
        <line num="257" count="55" type="cond" truecount="2" falsecount="0"/>
        <line num="260" count="3" type="cond" truecount="4" falsecount="1"/>
        <line num="261" count="3" type="stmt"/>
        <line num="262" count="3" type="stmt"/>
        <line num="263" count="3" type="stmt"/>
        <line num="264" count="3" type="stmt"/>
        <line num="265" count="3" type="stmt"/>
        <line num="267" count="3" type="stmt"/>
        <line num="268" count="3" type="stmt"/>
        <line num="275" count="2" type="stmt"/>
        <line num="276" count="2" type="stmt"/>
        <line num="277" count="2" type="stmt"/>
        <line num="278" count="2" type="stmt"/>
        <line num="279" count="2" type="stmt"/>
        <line num="280" count="2" type="stmt"/>
        <line num="281" count="2" type="stmt"/>
        <line num="284" count="2" type="stmt"/>
        <line num="285" count="1" type="cond" truecount="0" falsecount="8"/>
        <line num="287" count="0" type="stmt"/>
        <line num="288" count="0" type="stmt"/>
        <line num="290" count="0" type="stmt"/>
        <line num="291" count="0" type="stmt"/>
        <line num="293" count="0" type="stmt"/>
        <line num="294" count="0" type="stmt"/>
        <line num="296" count="0" type="stmt"/>
        <line num="297" count="0" type="stmt"/>
        <line num="299" count="0" type="stmt"/>
        <line num="300" count="0" type="stmt"/>
        <line num="301" count="0" type="stmt"/>
        <line num="303" count="0" type="stmt"/>
        <line num="304" count="0" type="stmt"/>
        <line num="306" count="0" type="stmt"/>
        <line num="307" count="0" type="stmt"/>
        <line num="309" count="0" type="stmt"/>
        <line num="310" count="0" type="stmt"/>
        <line num="315" count="2" type="stmt"/>
        <line num="318" count="1" type="stmt"/>
        <line num="319" count="1" type="cond" truecount="1" falsecount="1"/>
        <line num="320" count="1" type="stmt"/>
        <line num="321" count="1" type="stmt"/>
        <line num="322" count="1" type="stmt"/>
        <line num="323" count="1" type="cond" truecount="1" falsecount="1"/>
        <line num="324" count="1" type="cond" truecount="1" falsecount="1"/>
        <line num="325" count="1" type="stmt"/>
        <line num="330" count="2" type="cond" truecount="2" falsecount="0"/>
        <line num="331" count="3" type="stmt"/>
        <line num="332" count="3" type="cond" truecount="2" falsecount="0"/>
        <line num="334" count="1" type="stmt"/>
        <line num="335" count="1" type="stmt"/>
        <line num="337" count="3" type="cond" truecount="2" falsecount="0"/>
        <line num="339" count="2" type="stmt"/>
        <line num="340" count="2" type="cond" truecount="1" falsecount="1"/>
        <line num="341" count="0" type="stmt"/>
        <line num="342" count="0" type="stmt"/>
        <line num="344" count="2" type="stmt"/>
        <line num="349" count="2" type="stmt"/>
        <line num="350" count="2" type="cond" truecount="1" falsecount="1"/>
        <line num="351" count="2" type="cond" truecount="1" falsecount="1"/>
        <line num="352" count="2" type="cond" truecount="1" falsecount="1"/>
        <line num="354" count="2" type="cond" truecount="2" falsecount="0"/>
        <line num="355" count="2" type="cond" truecount="2" falsecount="0"/>
        <line num="356" count="2" type="stmt"/>
        <line num="358" count="1" type="stmt"/>
        <line num="360" count="3" type="stmt"/>
        <line num="361" count="3" type="stmt"/>
        <line num="379" count="0" type="stmt"/>
        <line num="385" count="0" type="stmt"/>
        <line num="387" count="0" type="stmt"/>
        <line num="398" count="0" type="stmt"/>
        <line num="409" count="0" type="stmt"/>
        <line num="426" count="0" type="stmt"/>
        <line num="436" count="0" type="cond" truecount="0" falsecount="2"/>
        <line num="462" count="0" type="stmt"/>
        <line num="470" count="0" type="stmt"/>
        <line num="478" count="0" type="stmt"/>
        <line num="489" count="9" type="stmt"/>
        <line num="532" count="33" type="stmt"/>
        <line num="534" count="34" type="cond" truecount="4" falsecount="0"/>
        <line num="535" count="1" type="stmt"/>
        <line num="536" count="1" type="stmt"/>
      </file>
    </package>
    <package name="components">
      <metrics statements="173" coveredstatements="125" conditionals="112" coveredconditionals="61" methods="41" coveredmethods="15"/>
      <file name="AppLayout.tsx" path="/home/bright/code/szyg/web/components/AppLayout.tsx">
        <metrics statements="52" coveredstatements="30" conditionals="41" coveredconditionals="23" methods="21" coveredmethods="3"/>
        <line num="3" count="3" type="stmt"/>
        <line num="4" count="3" type="stmt"/>
        <line num="5" count="3" type="stmt"/>
        <line num="6" count="3" type="stmt"/>
        <line num="14" count="3" type="stmt"/>
        <line num="15" count="3" type="stmt"/>
        <line num="16" count="3" type="stmt"/>
        <line num="17" count="3" type="stmt"/>
        <line num="18" count="3" type="stmt"/>
        <line num="19" count="3" type="stmt"/>
        <line num="21" count="3" type="stmt"/>
        <line num="29" count="73" type="stmt"/>
        <line num="30" count="73" type="stmt"/>
        <line num="31" count="73" type="stmt"/>
        <line num="32" count="73" type="stmt"/>
        <line num="33" count="73" type="stmt"/>
        <line num="34" count="73" type="stmt"/>
        <line num="35" count="73" type="stmt"/>
        <line num="36" count="73" type="stmt"/>
        <line num="37" count="73" type="stmt"/>
        <line num="38" count="73" type="stmt"/>
        <line num="39" count="73" type="stmt"/>
        <line num="41" count="73" type="stmt"/>
        <line num="42" count="21" type="stmt"/>
        <line num="45" count="73" type="stmt"/>
        <line num="46" count="73" type="cond" truecount="5" falsecount="0"/>
        <line num="47" count="12" type="stmt"/>
        <line num="49" count="73" type="cond" truecount="2" falsecount="4"/>
        <line num="50" count="0" type="stmt"/>
        <line num="54" count="73" type="stmt"/>
        <line num="55" count="0" type="stmt"/>
        <line num="56" count="0" type="stmt"/>
        <line num="59" count="73" type="stmt"/>
        <line num="60" count="0" type="stmt"/>
        <line num="61" count="0" type="stmt"/>
        <line num="77" count="0" type="stmt"/>
        <line num="105" count="0" type="stmt"/>
        <line num="117" count="0" type="stmt"/>
        <line num="125" count="0" type="stmt"/>
        <line num="135" count="0" type="stmt"/>
        <line num="152" count="0" type="stmt"/>
        <line num="159" count="0" type="stmt"/>
        <line num="190" count="0" type="stmt"/>
        <line num="192" count="0" type="stmt"/>
        <line num="209" count="0" type="stmt"/>
        <line num="238" count="0" type="stmt"/>
        <line num="257" count="0" type="stmt"/>
        <line num="263" count="0" type="stmt"/>
        <line num="272" count="0" type="stmt"/>
        <line num="288" count="0" type="stmt"/>
        <line num="289" count="0" type="stmt"/>
        <line num="300" count="0" type="stmt"/>
      </file>
      <file name="FeatureNav.tsx" path="/home/bright/code/szyg/web/components/FeatureNav.tsx">
        <metrics statements="28" coveredstatements="26" conditionals="40" coveredconditionals="23" methods="7" coveredmethods="4"/>
        <line num="3" count="3" type="stmt"/>
        <line num="4" count="3" type="stmt"/>
        <line num="5" count="3" type="stmt"/>
        <line num="6" count="3" type="stmt"/>
        <line num="13" count="3" type="stmt"/>
        <line num="14" count="3" type="stmt"/>
        <line num="15" count="3" type="stmt"/>
        <line num="17" count="3" type="stmt"/>
        <line num="25" count="3" type="stmt"/>
        <line num="33" count="3" type="stmt"/>
        <line num="44" count="73" type="stmt"/>
        <line num="45" count="73" type="stmt"/>
        <line num="46" count="73" type="cond" truecount="1" falsecount="1"/>
        <line num="47" count="73" type="stmt"/>
        <line num="49" count="21" type="cond" truecount="1" falsecount="1"/>
        <line num="50" count="21" type="stmt"/>
        <line num="53" count="73" type="stmt"/>
        <line num="54" count="0" type="stmt"/>
        <line num="60" count="365" type="stmt"/>
        <line num="61" count="365" type="stmt"/>
        <line num="62" count="365" type="cond" truecount="1" falsecount="1"/>
        <line num="63" count="365" type="cond" truecount="1" falsecount="1"/>
        <line num="65" count="365" type="stmt"/>
        <line num="69" count="0" type="stmt"/>
        <line num="99" count="365" type="stmt"/>
        <line num="100" count="365" type="cond" truecount="1" falsecount="1"/>
        <line num="101" count="365" type="cond" truecount="1" falsecount="1"/>
        <line num="105" count="365" type="stmt"/>
      </file>
      <file name="Particles.tsx" path="/home/bright/code/szyg/web/components/Particles.tsx">
        <metrics statements="73" coveredstatements="62" conditionals="20" coveredconditionals="14" methods="7" coveredmethods="6"/>
        <line num="3" count="4" type="stmt"/>
        <line num="14" count="75" type="stmt"/>
        <line num="15" count="75" type="stmt"/>
        <line num="17" count="75" type="stmt"/>
        <line num="18" count="23" type="stmt"/>
        <line num="19" count="23" type="cond" truecount="1" falsecount="1"/>
        <line num="20" count="23" type="stmt"/>
        <line num="21" count="23" type="cond" truecount="2" falsecount="0"/>
        <line num="23" count="1" type="stmt"/>
        <line num="25" count="1" type="stmt"/>
        <line num="27" count="1" type="stmt"/>
        <line num="28" count="1" type="stmt"/>
        <line num="29" count="1" type="stmt"/>
        <line num="31" count="1" type="stmt"/>
        <line num="32" count="1" type="stmt"/>
        <line num="34" count="1" type="stmt"/>
        <line num="35" count="1" type="stmt"/>
        <line num="36" count="34" type="stmt"/>
        <line num="46" count="1" type="stmt"/>
        <line num="47" count="0" type="stmt"/>
        <line num="48" count="0" type="stmt"/>
        <line num="50" count="1" type="stmt"/>
        <line num="52" count="1" type="stmt"/>
        <line num="53" count="1" type="stmt"/>
        <line num="54" count="1" type="cond" truecount="1" falsecount="1"/>
        <line num="56" count="1" type="stmt"/>
        <line num="57" count="34" type="stmt"/>
        <line num="58" count="34" type="stmt"/>
        <line num="59" count="34" type="cond" truecount="3" falsecount="1"/>
        <line num="60" count="34" type="cond" truecount="3" falsecount="1"/>
        <line num="62" count="34" type="stmt"/>
        <line num="63" count="34" type="stmt"/>
        <line num="64" count="34" type="stmt"/>
        <line num="66" count="34" type="cond" truecount="1" falsecount="1"/>
        <line num="67" count="34" type="stmt"/>
        <line num="68" count="34" type="stmt"/>
        <line num="69" count="34" type="stmt"/>
        <line num="70" count="34" type="stmt"/>
        <line num="72" count="34" type="stmt"/>
        <line num="74" count="34" type="stmt"/>
        <line num="75" count="561" type="stmt"/>
        <line num="76" count="561" type="stmt"/>
        <line num="77" count="561" type="stmt"/>
        <line num="78" count="561" type="stmt"/>
        <line num="79" count="561" type="cond" truecount="2" falsecount="0"/>
        <line num="80" count="43" type="stmt"/>
        <line num="81" count="43" type="stmt"/>
        <line num="82" count="43" type="stmt"/>
        <line num="83" count="43" type="stmt"/>
        <line num="84" count="43" type="stmt"/>
        <line num="85" count="43" type="stmt"/>
        <line num="86" count="43" type="stmt"/>
        <line num="87" count="43" type="stmt"/>
        <line num="88" count="43" type="stmt"/>
        <line num="92" count="34" type="stmt"/>
        <line num="93" count="34" type="stmt"/>
        <line num="94" count="34" type="stmt"/>
        <line num="95" count="34" type="cond" truecount="1" falsecount="1"/>
        <line num="96" count="0" type="stmt"/>
        <line num="97" count="0" type="stmt"/>
        <line num="98" count="0" type="stmt"/>
        <line num="99" count="0" type="stmt"/>
        <line num="100" count="0" type="stmt"/>
        <line num="101" count="0" type="stmt"/>
        <line num="102" count="0" type="stmt"/>
        <line num="103" count="0" type="stmt"/>
        <line num="104" count="0" type="stmt"/>
        <line num="108" count="1" type="stmt"/>
        <line num="110" count="1" type="stmt"/>
        <line num="112" count="1" type="stmt"/>
        <line num="113" count="1" type="stmt"/>
        <line num="114" count="1" type="stmt"/>
        <line num="115" count="1" type="stmt"/>
      </file>
      <file name="PlaceholderPage.tsx" path="/home/bright/code/szyg/web/components/PlaceholderPage.tsx">
        <metrics statements="10" coveredstatements="0" conditionals="9" coveredconditionals="0" methods="1" coveredmethods="0"/>
        <line num="3" count="0" type="stmt"/>
        <line num="4" count="0" type="stmt"/>
        <line num="10" count="0" type="stmt"/>
        <line num="13" count="0" type="stmt"/>
        <line num="20" count="0" type="stmt"/>
        <line num="26" count="0" type="stmt"/>
        <line num="36" count="0" type="stmt"/>
        <line num="37" count="0" type="cond" truecount="0" falsecount="2"/>
        <line num="38" count="0" type="cond" truecount="0" falsecount="2"/>
        <line num="39" count="0" type="cond" truecount="0" falsecount="2"/>
      </file>
      <file name="TitleBar.tsx" path="/home/bright/code/szyg/web/components/TitleBar.tsx">
        <metrics statements="10" coveredstatements="7" conditionals="2" coveredconditionals="1" methods="5" coveredmethods="2"/>
        <line num="3" count="3" type="stmt"/>
        <line num="4" count="3" type="stmt"/>
        <line num="17" count="73" type="stmt"/>
        <line num="18" count="73" type="stmt"/>
        <line num="20" count="73" type="stmt"/>
        <line num="21" count="21" type="stmt"/>
        <line num="24" count="73" type="cond" truecount="1" falsecount="1"/>
        <line num="38" count="0" type="stmt"/>
        <line num="44" count="0" type="stmt"/>
        <line num="50" count="0" type="stmt"/>
      </file>
    </package>
    <package name="lib">
      <metrics statements="96" coveredstatements="74" conditionals="58" coveredconditionals="24" methods="22" coveredmethods="15"/>
      <file name="api.ts" path="/home/bright/code/szyg/web/lib/api.ts">
        <metrics statements="7" coveredstatements="4" conditionals="4" coveredconditionals="0" methods="1" coveredmethods="0"/>
        <line num="1" count="1" type="stmt"/>
        <line num="3" count="1" type="stmt"/>
        <line num="7" count="1" type="stmt"/>
        <line num="8" count="0" type="cond" truecount="0" falsecount="2"/>
        <line num="9" count="0" type="cond" truecount="0" falsecount="2"/>
        <line num="10" count="0" type="stmt"/>
        <line num="13" count="6" type="stmt"/>
      </file>
      <file name="chat-store.ts" path="/home/bright/code/szyg/web/lib/chat-store.ts">
        <metrics statements="63" coveredstatements="53" conditionals="36" coveredconditionals="18" methods="17" coveredmethods="12"/>
        <line num="3" count="1" type="stmt"/>
        <line num="19" count="1" type="stmt"/>
        <line num="20" count="1" type="stmt"/>
        <line num="23" count="16" type="cond" truecount="1" falsecount="1"/>
        <line num="24" count="16" type="stmt"/>
        <line num="25" count="16" type="stmt"/>
        <line num="26" count="16" type="cond" truecount="1" falsecount="1"/>
        <line num="28" count="0" type="stmt"/>
        <line num="33" count="16" type="cond" truecount="1" falsecount="1"/>
        <line num="34" count="16" type="stmt"/>
        <line num="35" count="16" type="stmt"/>
        <line num="39" count="8" type="stmt"/>
        <line num="42" count="55" type="stmt"/>
        <line num="43" count="55" type="stmt"/>
        <line num="44" count="55" type="stmt"/>
        <line num="45" count="8" type="stmt"/>
        <line num="46" count="8" type="cond" truecount="1" falsecount="1"/>
        <line num="49" count="55" type="stmt"/>
        <line num="50" count="55" type="stmt"/>
        <line num="52" count="55" type="cond" truecount="2" falsecount="0"/>
        <line num="54" count="55" type="stmt"/>
        <line num="55" count="16" type="stmt"/>
        <line num="56" count="16" type="stmt"/>
        <line num="57" count="16" type="stmt"/>
        <line num="60" count="55" type="stmt"/>
        <line num="61" count="8" type="stmt"/>
        <line num="65" count="8" type="stmt"/>
        <line num="66" count="8" type="stmt"/>
        <line num="67" count="8" type="stmt"/>
        <line num="68" count="8" type="stmt"/>
        <line num="71" count="55" type="stmt"/>
        <line num="72" count="6" type="cond" truecount="1" falsecount="1"/>
        <line num="73" count="6" type="stmt"/>
        <line num="74" count="6" type="stmt"/>
        <line num="75" count="6" type="cond" truecount="1" falsecount="1"/>
        <line num="76" count="6" type="stmt"/>
        <line num="77" count="6" type="cond" truecount="4" falsecount="0"/>
        <line num="80" count="6" type="stmt"/>
        <line num="82" count="6" type="stmt"/>
        <line num="85" count="55" type="stmt"/>
        <line num="86" count="2" type="cond" truecount="1" falsecount="1"/>
        <line num="87" count="2" type="stmt"/>
        <line num="88" count="2" type="stmt"/>
        <line num="89" count="2" type="cond" truecount="1" falsecount="1"/>
        <line num="90" count="2" type="stmt"/>
        <line num="91" count="2" type="stmt"/>
        <line num="92" count="2" type="cond" truecount="3" falsecount="1"/>
        <line num="93" count="2" type="stmt"/>
        <line num="95" count="2" type="stmt"/>
        <line num="97" count="2" type="stmt"/>
        <line num="100" count="55" type="stmt"/>
        <line num="101" count="0" type="stmt"/>
        <line num="104" count="55" type="stmt"/>
        <line num="105" count="0" type="stmt"/>
        <line num="106" count="0" type="stmt"/>
        <line num="107" count="0" type="cond" truecount="0" falsecount="2"/>
        <line num="108" count="0" type="cond" truecount="0" falsecount="2"/>
        <line num="112" count="55" type="stmt"/>
        <line num="113" count="0" type="cond" truecount="0" falsecount="2"/>
        <line num="114" count="0" type="stmt"/>
        <line num="115" count="0" type="cond" truecount="0" falsecount="2"/>
        <line num="117" count="0" type="stmt"/>
        <line num="120" count="55" type="stmt"/>
      </file>
      <file name="feature-tree.ts" path="/home/bright/code/szyg/web/lib/feature-tree.ts">
        <metrics statements="21" coveredstatements="12" conditionals="18" coveredconditionals="6" methods="3" coveredmethods="2"/>
        <line num="21" count="85" type="stmt"/>
        <line num="236" count="0" type="stmt"/>
        <line num="237" count="0" type="stmt"/>
        <line num="238" count="0" type="stmt"/>
        <line num="239" count="0" type="cond" truecount="0" falsecount="2"/>
        <line num="240" count="0" type="cond" truecount="0" falsecount="2"/>
        <line num="242" count="0" type="stmt"/>
        <line num="246" count="0" type="cond" truecount="0" falsecount="1"/>
        <line num="247" count="365" type="stmt"/>
        <line num="248" count="1460" type="cond" truecount="1" falsecount="1"/>
        <line num="249" count="1460" type="cond" truecount="1" falsecount="1"/>
        <line num="250" count="0" type="stmt"/>
        <line num="251" count="0" type="cond" truecount="0" falsecount="2"/>
        <line num="254" count="365" type="stmt"/>
        <line num="258" count="73" type="cond" truecount="1" falsecount="0"/>
        <line num="259" count="73" type="stmt"/>
        <line num="260" count="365" type="cond" truecount="1" falsecount="1"/>
        <line num="261" count="365" type="cond" truecount="1" falsecount="1"/>
        <line num="262" count="365" type="stmt"/>
        <line num="263" count="365" type="cond" truecount="1" falsecount="1"/>
        <line num="266" count="73" type="stmt"/>
      </file>
      <file name="hooks.ts" path="/home/bright/code/szyg/web/lib/hooks.ts">
        <metrics statements="1" coveredstatements="1" conditionals="0" coveredconditionals="0" methods="0" coveredmethods="0"/>
        <line num="3" count="16" type="stmt"/>
      </file>
      <file name="utils.ts" path="/home/bright/code/szyg/web/lib/utils.ts">
        <metrics statements="4" coveredstatements="4" conditionals="0" coveredconditionals="0" methods="1" coveredmethods="1"/>
        <line num="1" count="4" type="stmt"/>
        <line num="2" count="4" type="stmt"/>
        <line num="4" count="2188" type="stmt"/>
        <line num="5" count="2188" type="stmt"/>
      </file>
    </package>
  </project>
</coverage>
