{"/home/bright/code/szyg/web/app/chat/ChatContent.tsx": {"path":"/home/bright/code/szyg/web/app/chat/ChatContent.tsx","statementMap":{"0":{"start":{"line":183,"column":24},"end":{"line":183,"column":null}},"1":{"start":{"line":3,"column":44},"end":{"line":3,"column":null}},"2":{"start":{"line":4,"column":32},"end":{"line":4,"column":null}},"3":{"start":{"line":5,"column":40},"end":{"line":5,"column":null}},"4":{"start":{"line":6,"column":129},"end":{"line":6,"column":null}},"5":{"start":{"line":7,"column":22},"end":{"line":7,"column":null}},"6":{"start":{"line":8,"column":29},"end":{"line":8,"column":null}},"7":{"start":{"line":9,"column":19},"end":{"line":9,"column":null}},"8":{"start":{"line":10,"column":47},"end":{"line":10,"column":null}},"9":{"start":{"line":11,"column":22},"end":{"line":11,"column":null}},"10":{"start":{"line":22,"column":39},"end":{"line":68,"column":null}},"11":{"start":{"line":31,"column":21},"end":{"line":31,"column":null}},"12":{"start":{"line":32,"column":4},"end":{"line":38,"column":null}},"13":{"start":{"line":71,"column":16},"end":{"line":71,"column":null}},"14":{"start":{"line":72,"column":26},"end":{"line":72,"column":28}},"15":{"start":{"line":73,"column":39},"end":{"line":73,"column":41}},"16":{"start":{"line":75,"column":24},"end":{"line":86,"column":null}},"17":{"start":{"line":76,"column":4},"end":{"line":85,"column":null}},"18":{"start":{"line":77,"column":18},"end":{"line":77,"column":null}},"19":{"start":{"line":78,"column":16},"end":{"line":78,"column":43}},"20":{"start":{"line":79,"column":6},"end":{"line":79,"column":null}},"21":{"start":{"line":79,"column":71},"end":{"line":79,"column":null}},"22":{"start":{"line":80,"column":6},"end":{"line":80,"column":null}},"23":{"start":{"line":80,"column":73},"end":{"line":80,"column":null}},"24":{"start":{"line":81,"column":6},"end":{"line":83,"column":null}},"25":{"start":{"line":82,"column":8},"end":{"line":82,"column":null}},"26":{"start":{"line":84,"column":6},"end":{"line":84,"column":null}},"27":{"start":{"line":88,"column":2},"end":{"line":111,"column":null}},"28":{"start":{"line":88,"column":15},"end":{"line":88,"column":18}},"29":{"start":{"line":89,"column":17},"end":{"line":89,"column":25}},"30":{"start":{"line":90,"column":4},"end":{"line":110,"column":null}},"31":{"start":{"line":91,"column":6},"end":{"line":91,"column":null}},"32":{"start":{"line":92,"column":6},"end":{"line":92,"column":null}},"33":{"start":{"line":93,"column":11},"end":{"line":110,"column":null}},"34":{"start":{"line":94,"column":6},"end":{"line":94,"column":null}},"35":{"start":{"line":95,"column":6},"end":{"line":95,"column":null}},"36":{"start":{"line":96,"column":11},"end":{"line":110,"column":null}},"37":{"start":{"line":97,"column":6},"end":{"line":97,"column":null}},"38":{"start":{"line":98,"column":6},"end":{"line":98,"column":null}},"39":{"start":{"line":99,"column":11},"end":{"line":110,"column":null}},"40":{"start":{"line":100,"column":6},"end":{"line":100,"column":null}},"41":{"start":{"line":101,"column":6},"end":{"line":101,"column":null}},"42":{"start":{"line":102,"column":11},"end":{"line":110,"column":null}},"43":{"start":{"line":103,"column":6},"end":{"line":103,"column":null}},"44":{"start":{"line":104,"column":6},"end":{"line":104,"column":null}},"45":{"start":{"line":105,"column":11},"end":{"line":110,"column":null}},"46":{"start":{"line":106,"column":6},"end":{"line":106,"column":null}},"47":{"start":{"line":107,"column":6},"end":{"line":107,"column":null}},"48":{"start":{"line":109,"column":6},"end":{"line":109,"column":null}},"49":{"start":{"line":112,"column":2},"end":{"line":112,"column":null}},"50":{"start":{"line":113,"column":2},"end":{"line":113,"column":null}},"51":{"start":{"line":117,"column":17},"end":{"line":117,"column":null}},"52":{"start":{"line":121,"column":8},"end":{"line":129,"column":null}},"53":{"start":{"line":122,"column":10},"end":{"line":123,"column":null}},"54":{"start":{"line":130,"column":8},"end":{"line":137,"column":null}},"55":{"start":{"line":131,"column":10},"end":{"line":132,"column":27}},"56":{"start":{"line":138,"column":8},"end":{"line":145,"column":null}},"57":{"start":{"line":139,"column":10},"end":{"line":140,"column":27}},"58":{"start":{"line":146,"column":8},"end":{"line":152,"column":null}},"59":{"start":{"line":147,"column":10},"end":{"line":148,"column":27}},"60":{"start":{"line":153,"column":8},"end":{"line":159,"column":null}},"61":{"start":{"line":154,"column":10},"end":{"line":155,"column":27}},"62":{"start":{"line":160,"column":8},"end":{"line":166,"column":null}},"63":{"start":{"line":161,"column":10},"end":{"line":162,"column":27}},"64":{"start":{"line":167,"column":8},"end":{"line":169,"column":null}},"65":{"start":{"line":168,"column":10},"end":{"line":168,"column":32}},"66":{"start":{"line":170,"column":8},"end":{"line":170,"column":null}},"67":{"start":{"line":177,"column":2},"end":{"line":179,"column":null}},"68":{"start":{"line":184,"column":23},"end":{"line":184,"column":null}},"69":{"start":{"line":185,"column":18},"end":{"line":185,"column":null}},"70":{"start":{"line":190,"column":6},"end":{"line":190,"column":null}},"71":{"start":{"line":192,"column":28},"end":{"line":192,"column":null}},"72":{"start":{"line":193,"column":36},"end":{"line":193,"column":null}},"73":{"start":{"line":194,"column":38},"end":{"line":194,"column":null}},"74":{"start":{"line":195,"column":40},"end":{"line":195,"column":null}},"75":{"start":{"line":196,"column":42},"end":{"line":196,"column":null}},"76":{"start":{"line":197,"column":20},"end":{"line":197,"column":null}},"77":{"start":{"line":198,"column":22},"end":{"line":198,"column":null}},"78":{"start":{"line":200,"column":25},"end":{"line":208,"column":null}},"79":{"start":{"line":201,"column":15},"end":{"line":201,"column":34}},"80":{"start":{"line":202,"column":4},"end":{"line":202,"column":null}},"81":{"start":{"line":202,"column":13},"end":{"line":202,"column":null}},"82":{"start":{"line":203,"column":4},"end":{"line":203,"column":null}},"83":{"start":{"line":204,"column":22},"end":{"line":204,"column":null}},"84":{"start":{"line":205,"column":4},"end":{"line":207,"column":null}},"85":{"start":{"line":206,"column":6},"end":{"line":206,"column":null}},"86":{"start":{"line":210,"column":2},"end":{"line":212,"column":null}},"87":{"start":{"line":211,"column":4},"end":{"line":211,"column":null}},"88":{"start":{"line":216,"column":4},"end":{"line":216,"column":null}},"89":{"start":{"line":217,"column":4},"end":{"line":239,"column":null}},"90":{"start":{"line":218,"column":6},"end":{"line":236,"column":null}},"91":{"start":{"line":219,"column":21},"end":{"line":222,"column":null}},"92":{"start":{"line":223,"column":21},"end":{"line":223,"column":null}},"93":{"start":{"line":224,"column":8},"end":{"line":224,"column":null}},"94":{"start":{"line":225,"column":8},"end":{"line":225,"column":null}},"95":{"start":{"line":226,"column":13},"end":{"line":236,"column":null}},"96":{"start":{"line":227,"column":21},"end":{"line":230,"column":null}},"97":{"start":{"line":231,"column":21},"end":{"line":231,"column":null}},"98":{"start":{"line":232,"column":22},"end":{"line":232,"column":null}},"99":{"start":{"line":233,"column":24},"end":{"line":233,"column":null}},"100":{"start":{"line":233,"column":62},"end":{"line":233,"column":78}},"101":{"start":{"line":234,"column":8},"end":{"line":234,"column":null}},"102":{"start":{"line":235,"column":8},"end":{"line":235,"column":null}},"103":{"start":{"line":238,"column":6},"end":{"line":238,"column":null}},"104":{"start":{"line":240,"column":4},"end":{"line":240,"column":null}},"105":{"start":{"line":244,"column":2},"end":{"line":248,"column":null}},"106":{"start":{"line":245,"column":4},"end":{"line":247,"column":null}},"107":{"start":{"line":246,"column":6},"end":{"line":246,"column":null}},"108":{"start":{"line":251,"column":2},"end":{"line":255,"column":null}},"109":{"start":{"line":252,"column":4},"end":{"line":254,"column":null}},"110":{"start":{"line":253,"column":6},"end":{"line":253,"column":null}},"111":{"start":{"line":257,"column":19},"end":{"line":257,"column":41}},"112":{"start":{"line":260,"column":4},"end":{"line":260,"column":null}},"113":{"start":{"line":260,"column":49},"end":{"line":260,"column":null}},"114":{"start":{"line":261,"column":20},"end":{"line":261,"column":null}},"115":{"start":{"line":262,"column":4},"end":{"line":262,"column":null}},"116":{"start":{"line":263,"column":4},"end":{"line":263,"column":null}},"117":{"start":{"line":264,"column":4},"end":{"line":264,"column":null}},"118":{"start":{"line":265,"column":4},"end":{"line":265,"column":null}},"119":{"start":{"line":267,"column":4},"end":{"line":359,"column":null}},"120":{"start":{"line":268,"column":19},"end":{"line":274,"column":null}},"121":{"start":{"line":275,"column":21},"end":{"line":275,"column":null}},"122":{"start":{"line":276,"column":22},"end":{"line":276,"column":null}},"123":{"start":{"line":277,"column":17},"end":{"line":277,"column":null}},"124":{"start":{"line":278,"column":21},"end":{"line":278,"column":null}},"125":{"start":{"line":279,"column":19},"end":{"line":279,"column":null}},"126":{"start":{"line":280,"column":39},"end":{"line":280,"column":41}},"127":{"start":{"line":281,"column":35},"end":{"line":281,"column":37}},"128":{"start":{"line":284,"column":26},"end":{"line":312,"column":null}},"129":{"start":{"line":285,"column":8},"end":{"line":311,"column":null}},"130":{"start":{"line":287,"column":12},"end":{"line":287,"column":null}},"131":{"start":{"line":288,"column":12},"end":{"line":288,"column":null}},"132":{"start":{"line":290,"column":12},"end":{"line":290,"column":null}},"133":{"start":{"line":291,"column":12},"end":{"line":291,"column":null}},"134":{"start":{"line":293,"column":12},"end":{"line":293,"column":null}},"135":{"start":{"line":294,"column":12},"end":{"line":294,"column":null}},"136":{"start":{"line":296,"column":12},"end":{"line":296,"column":null}},"137":{"start":{"line":297,"column":12},"end":{"line":297,"column":null}},"138":{"start":{"line":299,"column":12},"end":{"line":299,"column":null}},"139":{"start":{"line":300,"column":12},"end":{"line":300,"column":null}},"140":{"start":{"line":301,"column":12},"end":{"line":301,"column":null}},"141":{"start":{"line":303,"column":12},"end":{"line":303,"column":null}},"142":{"start":{"line":304,"column":12},"end":{"line":304,"column":null}},"143":{"start":{"line":306,"column":12},"end":{"line":306,"column":null}},"144":{"start":{"line":307,"column":12},"end":{"line":307,"column":null}},"145":{"start":{"line":309,"column":12},"end":{"line":309,"column":null}},"146":{"start":{"line":310,"column":12},"end":{"line":310,"column":null}},"147":{"start":{"line":315,"column":26},"end":{"line":328,"column":null}},"148":{"start":{"line":318,"column":8},"end":{"line":327,"column":null}},"149":{"start":{"line":319,"column":27},"end":{"line":319,"column":null}},"150":{"start":{"line":320,"column":24},"end":{"line":320,"column":null}},"151":{"start":{"line":321,"column":10},"end":{"line":321,"column":null}},"152":{"start":{"line":322,"column":10},"end":{"line":326,"column":null}},"153":{"start":{"line":323,"column":12},"end":{"line":323,"column":null}},"154":{"start":{"line":323,"column":43},"end":{"line":323,"column":null}},"155":{"start":{"line":324,"column":25},"end":{"line":324,"column":null}},"156":{"start":{"line":325,"column":12},"end":{"line":325,"column":null}},"157":{"start":{"line":325,"column":18},"end":{"line":325,"column":48}},"158":{"start":{"line":330,"column":6},"end":{"line":346,"column":null}},"159":{"start":{"line":331,"column":35},"end":{"line":331,"column":null}},"160":{"start":{"line":332,"column":8},"end":{"line":336,"column":null}},"161":{"start":{"line":334,"column":10},"end":{"line":334,"column":null}},"162":{"start":{"line":335,"column":10},"end":{"line":335,"column":null}},"163":{"start":{"line":337,"column":8},"end":{"line":345,"column":null}},"164":{"start":{"line":339,"column":10},"end":{"line":339,"column":null}},"165":{"start":{"line":340,"column":10},"end":{"line":343,"column":null}},"166":{"start":{"line":341,"column":12},"end":{"line":341,"column":null}},"167":{"start":{"line":342,"column":12},"end":{"line":342,"column":null}},"168":{"start":{"line":344,"column":10},"end":{"line":344,"column":null}},"169":{"start":{"line":349,"column":30},"end":{"line":349,"column":32}},"170":{"start":{"line":350,"column":6},"end":{"line":350,"column":null}},"171":{"start":{"line":350,"column":37},"end":{"line":350,"column":null}},"172":{"start":{"line":351,"column":6},"end":{"line":351,"column":null}},"173":{"start":{"line":351,"column":33},"end":{"line":351,"column":null}},"174":{"start":{"line":352,"column":6},"end":{"line":352,"column":null}},"175":{"start":{"line":352,"column":20},"end":{"line":352,"column":null}},"176":{"start":{"line":354,"column":24},"end":{"line":354,"column":null}},"177":{"start":{"line":355,"column":6},"end":{"line":355,"column":null}},"178":{"start":{"line":356,"column":6},"end":{"line":356,"column":null}},"179":{"start":{"line":358,"column":6},"end":{"line":358,"column":null}},"180":{"start":{"line":360,"column":4},"end":{"line":360,"column":null}},"181":{"start":{"line":361,"column":4},"end":{"line":361,"column":null}},"182":{"start":{"line":379,"column":41},"end":{"line":379,"column":64}},"183":{"start":{"line":385,"column":20},"end":{"line":386,"column":null}},"184":{"start":{"line":387,"column":39},"end":{"line":387,"column":68}},"185":{"start":{"line":387,"column":68},"end":{"line":387,"column":90}},"186":{"start":{"line":398,"column":42},"end":{"line":398,"column":63}},"187":{"start":{"line":398,"column":63},"end":{"line":398,"column":91}},"188":{"start":{"line":409,"column":39},"end":{"line":409,"column":55}},"189":{"start":{"line":426,"column":29},"end":{"line":426,"column":null}},"190":{"start":{"line":436,"column":29},"end":{"line":436,"column":null}},"191":{"start":{"line":462,"column":39},"end":{"line":462,"column":null}},"192":{"start":{"line":470,"column":39},"end":{"line":470,"column":null}},"193":{"start":{"line":478,"column":41},"end":{"line":478,"column":70}},"194":{"start":{"line":489,"column":16},"end":{"line":490,"column":null}},"195":{"start":{"line":532,"column":35},"end":{"line":532,"column":null}},"196":{"start":{"line":534,"column":20},"end":{"line":537,"column":null}},"197":{"start":{"line":535,"column":22},"end":{"line":535,"column":null}},"198":{"start":{"line":536,"column":22},"end":{"line":536,"column":null}}},"fnMap":{"0":{"name":"(anonymous_9)","decl":{"start":{"line":30,"column":8},"end":{"line":30,"column":9}},"loc":{"start":{"line":30,"column":42},"end":{"line":46,"column":null}}},"1":{"name":"parseAssistantContent","decl":{"start":{"line":70,"column":9},"end":{"line":70,"column":31}},"loc":{"start":{"line":70,"column":46},"end":{"line":114,"column":null}}},"2":{"name":"(anonymous_20)","decl":{"start":{"line":75,"column":24},"end":{"line":75,"column":null}},"loc":{"start":{"line":75,"column":24},"end":{"line":86,"column":null}}},"3":{"name":"AssistantContent","decl":{"start":{"line":116,"column":9},"end":{"line":116,"column":26}},"loc":{"start":{"line":116,"column":58},"end":{"line":174,"column":null}}},"4":{"name":"(anonymous_22)","decl":{"start":{"line":120,"column":18},"end":{"line":120,"column":19}},"loc":{"start":{"line":120,"column":26},"end":{"line":171,"column":null}}},"5":{"name":"MessageContent","decl":{"start":{"line":176,"column":9},"end":{"line":176,"column":24}},"loc":{"start":{"line":176,"column":76},"end":{"line":181,"column":null}}},"6":{"name":"ChatContent","decl":{"start":{"line":183,"column":24},"end":{"line":183,"column":null}},"loc":{"start":{"line":183,"column":24},"end":{"line":559,"column":null}}},"7":{"name":"(anonymous_25)","decl":{"start":{"line":200,"column":25},"end":{"line":200,"column":null}},"loc":{"start":{"line":200,"column":25},"end":{"line":208,"column":null}}},"8":{"name":"(anonymous_26)","decl":{"start":{"line":210,"column":12},"end":{"line":210,"column":null}},"loc":{"start":{"line":210,"column":12},"end":{"line":212,"column":5}}},"9":{"name":"quickTest","decl":{"start":{"line":215,"column":17},"end":{"line":215,"column":27}},"loc":{"start":{"line":215,"column":39},"end":{"line":241,"column":null}}},"10":{"name":"(anonymous_28)","decl":{"start":{"line":233,"column":50},"end":{"line":233,"column":51}},"loc":{"start":{"line":233,"column":62},"end":{"line":233,"column":78}}},"11":{"name":"(anonymous_29)","decl":{"start":{"line":244,"column":12},"end":{"line":244,"column":null}},"loc":{"start":{"line":244,"column":12},"end":{"line":248,"column":5}}},"12":{"name":"(anonymous_30)","decl":{"start":{"line":251,"column":12},"end":{"line":251,"column":null}},"loc":{"start":{"line":251,"column":12},"end":{"line":255,"column":5}}},"13":{"name":"send","decl":{"start":{"line":259,"column":17},"end":{"line":259,"column":null}},"loc":{"start":{"line":259,"column":17},"end":{"line":362,"column":null}}},"14":{"name":"(anonymous_32)","decl":{"start":{"line":284,"column":26},"end":{"line":284,"column":27}},"loc":{"start":{"line":284,"column":27},"end":{"line":312,"column":null}}},"15":{"name":"(anonymous_33)","decl":{"start":{"line":315,"column":26},"end":{"line":315,"column":null}},"loc":{"start":{"line":315,"column":26},"end":{"line":328,"column":null}}},"16":{"name":"(anonymous_34)","decl":{"start":{"line":379,"column":35},"end":{"line":379,"column":41}},"loc":{"start":{"line":379,"column":41},"end":{"line":379,"column":64}}},"17":{"name":"(anonymous_35)","decl":{"start":{"line":384,"column":37},"end":{"line":384,"column":null}},"loc":{"start":{"line":385,"column":20},"end":{"line":386,"column":null}}},"18":{"name":"(anonymous_36)","decl":{"start":{"line":387,"column":31},"end":{"line":387,"column":39}},"loc":{"start":{"line":387,"column":31},"end":{"line":387,"column":null}}},"19":{"name":"(anonymous_37)","decl":{"start":{"line":398,"column":33},"end":{"line":398,"column":34}},"loc":{"start":{"line":398,"column":34},"end":{"line":398,"column":null}}},"20":{"name":"(anonymous_38)","decl":{"start":{"line":409,"column":31},"end":{"line":409,"column":39}},"loc":{"start":{"line":409,"column":31},"end":{"line":409,"column":null}}},"21":{"name":"(anonymous_39)","decl":{"start":{"line":426,"column":23},"end":{"line":426,"column":29}},"loc":{"start":{"line":426,"column":29},"end":{"line":426,"column":null}}},"22":{"name":"(anonymous_40)","decl":{"start":{"line":436,"column":23},"end":{"line":436,"column":29}},"loc":{"start":{"line":436,"column":29},"end":{"line":436,"column":null}}},"23":{"name":"(anonymous_41)","decl":{"start":{"line":462,"column":33},"end":{"line":462,"column":39}},"loc":{"start":{"line":462,"column":39},"end":{"line":462,"column":null}}},"24":{"name":"(anonymous_42)","decl":{"start":{"line":470,"column":33},"end":{"line":470,"column":39}},"loc":{"start":{"line":470,"column":39},"end":{"line":470,"column":null}}},"25":{"name":"(anonymous_43)","decl":{"start":{"line":478,"column":33},"end":{"line":478,"column":41}},"loc":{"start":{"line":478,"column":33},"end":{"line":478,"column":null}}},"26":{"name":"(anonymous_44)","decl":{"start":{"line":488,"column":28},"end":{"line":488,"column":29}},"loc":{"start":{"line":489,"column":16},"end":{"line":490,"column":null}}},"27":{"name":"(anonymous_45)","decl":{"start":{"line":532,"column":28},"end":{"line":532,"column":29}},"loc":{"start":{"line":532,"column":35},"end":{"line":532,"column":null}}},"28":{"name":"(anonymous_46)","decl":{"start":{"line":533,"column":29},"end":{"line":533,"column":30}},"loc":{"start":{"line":533,"column":30},"end":{"line":538,"column":null}}}},"branchMap":{"0":{"loc":{"start":{"line":32,"column":4},"end":{"line":38,"column":null}},"type":"if","locations":[{"start":{"line":32,"column":4},"end":{"line":38,"column":null}},{"start":{},"end":{}}]},"1":{"loc":{"start":{"line":76,"column":4},"end":{"line":85,"column":null}},"type":"if","locations":[{"start":{"line":76,"column":4},"end":{"line":85,"column":null}},{"start":{},"end":{}}]},"2":{"loc":{"start":{"line":79,"column":13},"end":{"line":79,"column":71}},"type":"binary-expr","locations":[{"start":{"line":79,"column":13},"end":{"line":79,"column":28}},{"start":{"line":79,"column":28},"end":{"line":79,"column":71}}]},"3":{"loc":{"start":{"line":80,"column":13},"end":{"line":80,"column":73}},"type":"binary-expr","locations":[{"start":{"line":80,"column":13},"end":{"line":80,"column":28}},{"start":{"line":80,"column":28},"end":{"line":80,"column":73}}]},"4":{"loc":{"start":{"line":81,"column":6},"end":{"line":83,"column":null}},"type":"if","locations":[{"start":{"line":81,"column":6},"end":{"line":83,"column":null}},{"start":{},"end":{}}]},"5":{"loc":{"start":{"line":90,"column":4},"end":{"line":110,"column":null}},"type":"if","locations":[{"start":{"line":90,"column":4},"end":{"line":110,"column":null}},{"start":{"line":93,"column":11},"end":{"line":110,"column":null}}]},"6":{"loc":{"start":{"line":90,"column":8},"end":{"line":90,"column":60}},"type":"binary-expr","locations":[{"start":{"line":90,"column":8},"end":{"line":90,"column":33}},{"start":{"line":90,"column":33},"end":{"line":90,"column":60}}]},"7":{"loc":{"start":{"line":93,"column":11},"end":{"line":110,"column":null}},"type":"if","locations":[{"start":{"line":93,"column":11},"end":{"line":110,"column":null}},{"start":{"line":96,"column":11},"end":{"line":110,"column":null}}]},"8":{"loc":{"start":{"line":93,"column":15},"end":{"line":93,"column":64}},"type":"binary-expr","locations":[{"start":{"line":93,"column":15},"end":{"line":93,"column":40}},{"start":{"line":93,"column":40},"end":{"line":93,"column":64}}]},"9":{"loc":{"start":{"line":96,"column":11},"end":{"line":110,"column":null}},"type":"if","locations":[{"start":{"line":96,"column":11},"end":{"line":110,"column":null}},{"start":{"line":99,"column":11},"end":{"line":110,"column":null}}]},"10":{"loc":{"start":{"line":96,"column":15},"end":{"line":96,"column":63}},"type":"binary-expr","locations":[{"start":{"line":96,"column":15},"end":{"line":96,"column":40}},{"start":{"line":96,"column":40},"end":{"line":96,"column":63}}]},"11":{"loc":{"start":{"line":99,"column":11},"end":{"line":110,"column":null}},"type":"if","locations":[{"start":{"line":99,"column":11},"end":{"line":110,"column":null}},{"start":{"line":102,"column":11},"end":{"line":110,"column":null}}]},"12":{"loc":{"start":{"line":102,"column":11},"end":{"line":110,"column":null}},"type":"if","locations":[{"start":{"line":102,"column":11},"end":{"line":110,"column":null}},{"start":{"line":105,"column":11},"end":{"line":110,"column":null}}]},"13":{"loc":{"start":{"line":105,"column":11},"end":{"line":110,"column":null}},"type":"if","locations":[{"start":{"line":105,"column":11},"end":{"line":110,"column":null}},{"start":{"line":108,"column":11},"end":{"line":110,"column":null}}]},"14":{"loc":{"start":{"line":121,"column":8},"end":{"line":129,"column":null}},"type":"if","locations":[{"start":{"line":121,"column":8},"end":{"line":129,"column":null}},{"start":{},"end":{}}]},"15":{"loc":{"start":{"line":130,"column":8},"end":{"line":137,"column":null}},"type":"if","locations":[{"start":{"line":130,"column":8},"end":{"line":137,"column":null}},{"start":{},"end":{}}]},"16":{"loc":{"start":{"line":138,"column":8},"end":{"line":145,"column":null}},"type":"if","locations":[{"start":{"line":138,"column":8},"end":{"line":145,"column":null}},{"start":{},"end":{}}]},"17":{"loc":{"start":{"line":146,"column":8},"end":{"line":152,"column":null}},"type":"if","locations":[{"start":{"line":146,"column":8},"end":{"line":152,"column":null}},{"start":{},"end":{}}]},"18":{"loc":{"start":{"line":153,"column":8},"end":{"line":159,"column":null}},"type":"if","locations":[{"start":{"line":153,"column":8},"end":{"line":159,"column":null}},{"start":{},"end":{}}]},"19":{"loc":{"start":{"line":160,"column":8},"end":{"line":166,"column":null}},"type":"if","locations":[{"start":{"line":160,"column":8},"end":{"line":166,"column":null}},{"start":{},"end":{}}]},"20":{"loc":{"start":{"line":167,"column":8},"end":{"line":169,"column":null}},"type":"if","locations":[{"start":{"line":167,"column":8},"end":{"line":169,"column":null}},{"start":{},"end":{}}]},"21":{"loc":{"start":{"line":177,"column":2},"end":{"line":179,"column":null}},"type":"if","locations":[{"start":{"line":177,"column":2},"end":{"line":179,"column":null}},{"start":{},"end":{}}]},"22":{"loc":{"start":{"line":202,"column":4},"end":{"line":202,"column":null}},"type":"if","locations":[{"start":{"line":202,"column":4},"end":{"line":202,"column":null}},{"start":{},"end":{}}]},"23":{"loc":{"start":{"line":205,"column":4},"end":{"line":207,"column":null}},"type":"if","locations":[{"start":{"line":205,"column":4},"end":{"line":207,"column":null}},{"start":{},"end":{}}]},"24":{"loc":{"start":{"line":218,"column":6},"end":{"line":236,"column":null}},"type":"if","locations":[{"start":{"line":218,"column":6},"end":{"line":236,"column":null}},{"start":{"line":226,"column":13},"end":{"line":236,"column":null}}]},"25":{"loc":{"start":{"line":225,"column":99},"end":{"line":225,"column":124}},"type":"binary-expr","locations":[{"start":{"line":225,"column":99},"end":{"line":225,"column":118}},{"start":{"line":225,"column":122},"end":{"line":225,"column":124}}]},"26":{"loc":{"start":{"line":226,"column":13},"end":{"line":236,"column":null}},"type":"if","locations":[{"start":{"line":226,"column":13},"end":{"line":236,"column":null}},{"start":{},"end":{}}]},"27":{"loc":{"start":{"line":232,"column":22},"end":{"line":232,"column":null}},"type":"binary-expr","locations":[{"start":{"line":232,"column":22},"end":{"line":232,"column":36}},{"start":{"line":232,"column":40},"end":{"line":232,"column":null}}]},"28":{"loc":{"start":{"line":235,"column":26},"end":{"line":235,"column":57}},"type":"binary-expr","locations":[{"start":{"line":235,"column":26},"end":{"line":235,"column":50}},{"start":{"line":235,"column":50},"end":{"line":235,"column":57}}]},"29":{"loc":{"start":{"line":235,"column":105},"end":{"line":235,"column":120}},"type":"binary-expr","locations":[{"start":{"line":235,"column":105},"end":{"line":235,"column":114}},{"start":{"line":235,"column":118},"end":{"line":235,"column":120}}]},"30":{"loc":{"start":{"line":245,"column":4},"end":{"line":247,"column":null}},"type":"if","locations":[{"start":{"line":245,"column":4},"end":{"line":247,"column":null}},{"start":{},"end":{}}]},"31":{"loc":{"start":{"line":246,"column":22},"end":{"line":246,"column":null}},"type":"binary-expr","locations":[{"start":{"line":246,"column":22},"end":{"line":246,"column":33}},{"start":{"line":246,"column":33},"end":{"line":246,"column":null}}]},"32":{"loc":{"start":{"line":252,"column":4},"end":{"line":254,"column":null}},"type":"if","locations":[{"start":{"line":252,"column":4},"end":{"line":254,"column":null}},{"start":{},"end":{}}]},"33":{"loc":{"start":{"line":257,"column":19},"end":{"line":257,"column":41}},"type":"binary-expr","locations":[{"start":{"line":257,"column":19},"end":{"line":257,"column":39}},{"start":{"line":257,"column":39},"end":{"line":257,"column":41}}]},"34":{"loc":{"start":{"line":260,"column":4},"end":{"line":260,"column":null}},"type":"if","locations":[{"start":{"line":260,"column":4},"end":{"line":260,"column":null}},{"start":{},"end":{}}]},"35":{"loc":{"start":{"line":260,"column":8},"end":{"line":260,"column":49}},"type":"binary-expr","locations":[{"start":{"line":260,"column":8},"end":{"line":260,"column":25}},{"start":{"line":260,"column":25},"end":{"line":260,"column":38}},{"start":{"line":260,"column":38},"end":{"line":260,"column":49}}]},"36":{"loc":{"start":{"line":285,"column":8},"end":{"line":311,"column":null}},"type":"switch","locations":[{"start":{"line":286,"column":10},"end":{"line":288,"column":null}},{"start":{"line":289,"column":10},"end":{"line":291,"column":null}},{"start":{"line":292,"column":10},"end":{"line":294,"column":null}},{"start":{"line":295,"column":10},"end":{"line":297,"column":null}},{"start":{"line":298,"column":10},"end":{"line":301,"column":null}},{"start":{"line":302,"column":10},"end":{"line":304,"column":null}},{"start":{"line":305,"column":10},"end":{"line":307,"column":null}},{"start":{"line":308,"column":10},"end":{"line":310,"column":null}}]},"37":{"loc":{"start":{"line":319,"column":34},"end":{"line":319,"column":null}},"type":"cond-expr","locations":[{"start":{"line":319,"column":57},"end":{"line":319,"column":61}},{"start":{"line":319,"column":61},"end":{"line":319,"column":null}}]},"38":{"loc":{"start":{"line":323,"column":12},"end":{"line":323,"column":null}},"type":"if","locations":[{"start":{"line":323,"column":12},"end":{"line":323,"column":null}},{"start":{},"end":{}}]},"39":{"loc":{"start":{"line":324,"column":36},"end":{"line":324,"column":null}},"type":"cond-expr","locations":[{"start":{"line":324,"column":64},"end":{"line":324,"column":68}},{"start":{"line":324,"column":68},"end":{"line":324,"column":null}}]},"40":{"loc":{"start":{"line":330,"column":13},"end":{"line":330,"column":30}},"type":"binary-expr","locations":[{"start":{"line":330,"column":13},"end":{"line":330,"column":22}},{"start":{"line":330,"column":22},"end":{"line":330,"column":30}}]},"41":{"loc":{"start":{"line":332,"column":8},"end":{"line":336,"column":null}},"type":"if","locations":[{"start":{"line":332,"column":8},"end":{"line":336,"column":null}},{"start":{},"end":{}}]},"42":{"loc":{"start":{"line":337,"column":8},"end":{"line":345,"column":null}},"type":"if","locations":[{"start":{"line":337,"column":8},"end":{"line":345,"column":null}},{"start":{},"end":{}}]},"43":{"loc":{"start":{"line":340,"column":10},"end":{"line":343,"column":null}},"type":"if","locations":[{"start":{"line":340,"column":10},"end":{"line":343,"column":null}},{"start":{},"end":{}}]},"44":{"loc":{"start":{"line":350,"column":6},"end":{"line":350,"column":null}},"type":"if","locations":[{"start":{"line":350,"column":6},"end":{"line":350,"column":null}},{"start":{},"end":{}}]},"45":{"loc":{"start":{"line":351,"column":6},"end":{"line":351,"column":null}},"type":"if","locations":[{"start":{"line":351,"column":6},"end":{"line":351,"column":null}},{"start":{},"end":{}}]},"46":{"loc":{"start":{"line":352,"column":6},"end":{"line":352,"column":null}},"type":"if","locations":[{"start":{"line":352,"column":6},"end":{"line":352,"column":null}},{"start":{},"end":{}}]},"47":{"loc":{"start":{"line":354,"column":24},"end":{"line":354,"column":null}},"type":"binary-expr","locations":[{"start":{"line":354,"column":24},"end":{"line":354,"column":42}},{"start":{"line":354,"column":42},"end":{"line":354,"column":null}}]},"48":{"loc":{"start":{"line":355,"column":17},"end":{"line":355,"column":50}},"type":"binary-expr","locations":[{"start":{"line":355,"column":17},"end":{"line":355,"column":30}},{"start":{"line":355,"column":30},"end":{"line":355,"column":50}}]},"49":{"loc":{"start":{"line":369,"column":11},"end":{"line":369,"column":null}},"type":"binary-expr","locations":[{"start":{"line":369,"column":11},"end":{"line":369,"column":null}}]},"50":{"loc":{"start":{"line":390,"column":24},"end":{"line":392,"column":null}},"type":"cond-expr","locations":[{"start":{"line":391,"column":28},"end":{"line":391,"column":null}},{"start":{"line":392,"column":28},"end":{"line":392,"column":null}}]},"51":{"loc":{"start":{"line":406,"column":17},"end":{"line":406,"column":null}},"type":"binary-expr","locations":[{"start":{"line":406,"column":17},"end":{"line":406,"column":null}}]},"52":{"loc":{"start":{"line":429,"column":16},"end":{"line":429,"column":null}},"type":"cond-expr","locations":[{"start":{"line":429,"column":30},"end":{"line":429,"column":59}},{"start":{"line":429,"column":59},"end":{"line":429,"column":null}}]},"53":{"loc":{"start":{"line":433,"column":15},"end":{"line":433,"column":31}},"type":"binary-expr","locations":[{"start":{"line":433,"column":15},"end":{"line":433,"column":31}}]},"54":{"loc":{"start":{"line":436,"column":45},"end":{"line":436,"column":null}},"type":"binary-expr","locations":[{"start":{"line":436,"column":45},"end":{"line":436,"column":56}},{"start":{"line":436,"column":56},"end":{"line":436,"column":null}}]},"55":{"loc":{"start":{"line":447,"column":13},"end":{"line":447,"column":24}},"type":"binary-expr","locations":[{"start":{"line":447,"column":13},"end":{"line":447,"column":24}}]},"56":{"loc":{"start":{"line":453,"column":15},"end":{"line":453,"column":40}},"type":"binary-expr","locations":[{"start":{"line":453,"column":15},"end":{"line":453,"column":40}},{"start":{"line":453,"column":40},"end":{"line":453,"column":null}}]},"57":{"loc":{"start":{"line":467,"column":25},"end":{"line":467,"column":null}},"type":"cond-expr","locations":[{"start":{"line":467,"column":51},"end":{"line":467,"column":62}},{"start":{"line":467,"column":62},"end":{"line":467,"column":null}}]},"58":{"loc":{"start":{"line":475,"column":25},"end":{"line":475,"column":null}},"type":"cond-expr","locations":[{"start":{"line":475,"column":53},"end":{"line":475,"column":64}},{"start":{"line":475,"column":64},"end":{"line":475,"column":null}}]},"59":{"loc":{"start":{"line":493,"column":37},"end":{"line":493,"column":92}},"type":"cond-expr","locations":[{"start":{"line":493,"column":59},"end":{"line":493,"column":75}},{"start":{"line":493,"column":75},"end":{"line":493,"column":92}}]},"60":{"loc":{"start":{"line":495,"column":60},"end":{"line":495,"column":107}},"type":"cond-expr","locations":[{"start":{"line":495,"column":82},"end":{"line":495,"column":103}},{"start":{"line":495,"column":103},"end":{"line":495,"column":107}}]},"61":{"loc":{"start":{"line":496,"column":105},"end":{"line":496,"column":192}},"type":"cond-expr","locations":[{"start":{"line":496,"column":127},"end":{"line":496,"column":156}},{"start":{"line":496,"column":156},"end":{"line":496,"column":192}}]},"62":{"loc":{"start":{"line":497,"column":45},"end":{"line":497,"column":77}},"type":"cond-expr","locations":[{"start":{"line":497,"column":45},"end":{"line":497,"column":77}}]},"63":{"loc":{"start":{"line":501,"column":22},"end":{"line":503,"column":null}},"type":"cond-expr","locations":[{"start":{"line":502,"column":26},"end":{"line":502,"column":null}},{"start":{"line":503,"column":26},"end":{"line":503,"column":null}}]},"64":{"loc":{"start":{"line":510,"column":15},"end":{"line":510,"column":null}},"type":"binary-expr","locations":[{"start":{"line":510,"column":15},"end":{"line":510,"column":null}}]},"65":{"loc":{"start":{"line":534,"column":20},"end":{"line":537,"column":null}},"type":"if","locations":[{"start":{"line":534,"column":20},"end":{"line":537,"column":null}},{"start":{},"end":{}}]},"66":{"loc":{"start":{"line":534,"column":24},"end":{"line":534,"column":56}},"type":"binary-expr","locations":[{"start":{"line":534,"column":24},"end":{"line":534,"column":45}},{"start":{"line":534,"column":45},"end":{"line":534,"column":56}}]},"67":{"loc":{"start":{"line":547,"column":28},"end":{"line":547,"column":null}},"type":"binary-expr","locations":[{"start":{"line":547,"column":28},"end":{"line":547,"column":41}},{"start":{"line":547,"column":41},"end":{"line":547,"column":null}}]}},"s":{"0":8,"1":1,"2":1,"3":1,"4":1,"5":1,"6":1,"7":1,"8":1,"9":1,"10":1,"11":0,"12":0,"13":3,"14":3,"15":3,"16":3,"17":4,"18":2,"19":2,"20":2,"21":2,"22":2,"23":0,"24":2,"25":0,"26":2,"27":3,"28":3,"29":3,"30":3,"31":0,"32":0,"33":3,"34":0,"35":0,"36":3,"37":0,"38":0,"39":3,"40":0,"41":0,"42":3,"43":1,"44":1,"45":2,"46":0,"47":0,"48":2,"49":3,"50":3,"51":3,"52":1,"53":0,"54":1,"55":0,"56":1,"57":0,"58":1,"59":0,"60":1,"61":0,"62":1,"63":1,"64":0,"65":0,"66":0,"67":9,"68":55,"69":55,"70":55,"71":55,"72":55,"73":55,"74":55,"75":55,"76":55,"77":55,"78":55,"79":44,"80":44,"81":0,"82":44,"83":44,"84":44,"85":0,"86":55,"87":44,"88":0,"89":0,"90":0,"91":0,"92":0,"93":0,"94":0,"95":0,"96":0,"97":0,"98":0,"99":0,"100":0,"101":0,"102":0,"103":0,"104":0,"105":55,"106":8,"107":8,"108":55,"109":22,"110":22,"111":55,"112":3,"113":0,"114":3,"115":3,"116":3,"117":3,"118":3,"119":3,"120":3,"121":2,"122":2,"123":2,"124":2,"125":2,"126":2,"127":2,"128":2,"129":1,"130":0,"131":0,"132":0,"133":0,"134":0,"135":0,"136":0,"137":0,"138":0,"139":0,"140":0,"141":0,"142":0,"143":0,"144":0,"145":0,"146":0,"147":2,"148":1,"149":1,"150":1,"151":1,"152":1,"153":1,"154":0,"155":1,"156":1,"157":1,"158":2,"159":3,"160":3,"161":1,"162":1,"163":3,"164":2,"165":2,"166":0,"167":0,"168":2,"169":2,"170":2,"171":0,"172":2,"173":0,"174":2,"175":0,"176":2,"177":2,"178":2,"179":1,"180":3,"181":3,"182":0,"183":0,"184":0,"185":0,"186":0,"187":0,"188":0,"189":0,"190":0,"191":0,"192":0,"193":0,"194":9,"195":33,"196":34,"197":1,"198":1},"f":{"0":0,"1":3,"2":4,"3":3,"4":1,"5":9,"6":55,"7":44,"8":44,"9":0,"10":0,"11":8,"12":22,"13":3,"14":1,"15":1,"16":0,"17":0,"18":0,"19":0,"20":0,"21":0,"22":0,"23":0,"24":0,"25":0,"26":9,"27":33,"28":34},"b":{"0":[0,0],"1":[2,2],"2":[4,2],"3":[2,0],"4":[0,2],"5":[0,3],"6":[3,3],"7":[0,3],"8":[3,3],"9":[0,3],"10":[3,3],"11":[0,3],"12":[1,2],"13":[0,2],"14":[0,1],"15":[0,1],"16":[0,1],"17":[0,1],"18":[0,1],"19":[1,0],"20":[0,0],"21":[6,3],"22":[0,44],"23":[0,44],"24":[0,0],"25":[0,0],"26":[0,0],"27":[0,0],"28":[0,0],"29":[0,0],"30":[8,0],"31":[8,0],"32":[22,0],"33":[55,8],"34":[0,3],"35":[3,3,3],"36":[0,0,0,0,0,0,0,0],"37":[0,1],"38":[0,1],"39":[1,0],"40":[3,3],"41":[1,2],"42":[2,1],"43":[0,2],"44":[0,2],"45":[0,2],"46":[0,2],"47":[2,2],"48":[2,2],"49":[55],"50":[0,0],"51":[0],"52":[0,55],"53":[55],"54":[0,0],"55":[55],"56":[55,49],"57":[0,49],"58":[0,49],"59":[6,3],"60":[6,3],"61":[6,3],"62":[6],"63":[6,3],"64":[55],"65":[1,33],"66":[34,1],"67":[55,52]}}
,"/home/bright/code/szyg/web/components/AppLayout.tsx": {"path":"/home/bright/code/szyg/web/components/AppLayout.tsx","statementMap":{"0":{"start":{"line":29,"column":24},"end":{"line":29,"column":34}},"1":{"start":{"line":3,"column":36},"end":{"line":3,"column":null}},"2":{"start":{"line":4,"column":17},"end":{"line":4,"column":null}},"3":{"start":{"line":5,"column":39},"end":{"line":5,"column":null}},"4":{"start":{"line":6,"column":40},"end":{"line":6,"column":null}},"5":{"start":{"line":14,"column":7},"end":{"line":14,"column":null}},"6":{"start":{"line":15,"column":19},"end":{"line":15,"column":null}},"7":{"start":{"line":16,"column":34},"end":{"line":16,"column":null}},"8":{"start":{"line":17,"column":22},"end":{"line":17,"column":null}},"9":{"start":{"line":18,"column":23},"end":{"line":18,"column":null}},"10":{"start":{"line":19,"column":21},"end":{"line":19,"column":null}},"11":{"start":{"line":21,"column":15},"end":{"line":27,"column":null}},"12":{"start":{"line":30,"column":19},"end":{"line":30,"column":null}},"13":{"start":{"line":31,"column":17},"end":{"line":31,"column":null}},"14":{"start":{"line":32,"column":62},"end":{"line":32,"column":null}},"15":{"start":{"line":33,"column":30},"end":{"line":33,"column":null}},"16":{"start":{"line":34,"column":38},"end":{"line":34,"column":null}},"17":{"start":{"line":35,"column":36},"end":{"line":35,"column":null}},"18":{"start":{"line":36,"column":40},"end":{"line":36,"column":null}},"19":{"start":{"line":37,"column":50},"end":{"line":37,"column":null}},"20":{"start":{"line":38,"column":52},"end":{"line":38,"column":null}},"21":{"start":{"line":39,"column":38},"end":{"line":39,"column":null}},"22":{"start":{"line":41,"column":2},"end":{"line":43,"column":null}},"23":{"start":{"line":42,"column":4},"end":{"line":42,"column":null}},"24":{"start":{"line":45,"column":2},"end":{"line":52,"column":null}},"25":{"start":{"line":46,"column":4},"end":{"line":48,"column":null}},"26":{"start":{"line":47,"column":6},"end":{"line":47,"column":null}},"27":{"start":{"line":49,"column":4},"end":{"line":51,"column":null}},"28":{"start":{"line":50,"column":6},"end":{"line":50,"column":null}},"29":{"start":{"line":54,"column":22},"end":{"line":57,"column":null}},"30":{"start":{"line":55,"column":4},"end":{"line":55,"column":null}},"31":{"start":{"line":56,"column":4},"end":{"line":56,"column":null}},"32":{"start":{"line":59,"column":17},"end":{"line":62,"column":null}},"33":{"start":{"line":60,"column":4},"end":{"line":60,"column":null}},"34":{"start":{"line":61,"column":4},"end":{"line":61,"column":null}},"35":{"start":{"line":77,"column":27},"end":{"line":77,"column":null}},"36":{"start":{"line":105,"column":29},"end":{"line":105,"column":null}},"37":{"start":{"line":117,"column":44},"end":{"line":117,"column":null}},"38":{"start":{"line":125,"column":31},"end":{"line":125,"column":null}},"39":{"start":{"line":135,"column":33},"end":{"line":135,"column":null}},"40":{"start":{"line":152,"column":41},"end":{"line":152,"column":64}},"41":{"start":{"line":152,"column":64},"end":{"line":152,"column":84}},"42":{"start":{"line":159,"column":43},"end":{"line":159,"column":66}},"43":{"start":{"line":159,"column":66},"end":{"line":159,"column":88}},"44":{"start":{"line":190,"column":22},"end":{"line":191,"column":null}},"45":{"start":{"line":192,"column":39},"end":{"line":192,"column":null}},"46":{"start":{"line":209,"column":29},"end":{"line":209,"column":null}},"47":{"start":{"line":238,"column":33},"end":{"line":238,"column":null}},"48":{"start":{"line":257,"column":27},"end":{"line":257,"column":null}},"49":{"start":{"line":263,"column":30},"end":{"line":263,"column":null}},"50":{"start":{"line":272,"column":33},"end":{"line":272,"column":null}},"51":{"start":{"line":288,"column":20},"end":{"line":288,"column":null}},"52":{"start":{"line":289,"column":16},"end":{"line":295,"column":null}},"53":{"start":{"line":300,"column":8},"end":{"line":301,"column":null}}},"fnMap":{"0":{"name":"AppLayout","decl":{"start":{"line":29,"column":24},"end":{"line":29,"column":34}},"loc":{"start":{"line":29,"column":77},"end":{"line":284,"column":null}}},"1":{"name":"(anonymous_3)","decl":{"start":{"line":41,"column":12},"end":{"line":41,"column":null}},"loc":{"start":{"line":41,"column":12},"end":{"line":43,"column":5}}},"2":{"name":"(anonymous_4)","decl":{"start":{"line":45,"column":12},"end":{"line":45,"column":null}},"loc":{"start":{"line":45,"column":12},"end":{"line":52,"column":5}}},"3":{"name":"(anonymous_5)","decl":{"start":{"line":54,"column":22},"end":{"line":54,"column":23}},"loc":{"start":{"line":54,"column":23},"end":{"line":57,"column":null}}},"4":{"name":"(anonymous_6)","decl":{"start":{"line":59,"column":17},"end":{"line":59,"column":null}},"loc":{"start":{"line":59,"column":17},"end":{"line":62,"column":null}}},"5":{"name":"(anonymous_7)","decl":{"start":{"line":77,"column":21},"end":{"line":77,"column":27}},"loc":{"start":{"line":77,"column":27},"end":{"line":77,"column":null}}},"6":{"name":"(anonymous_8)","decl":{"start":{"line":105,"column":23},"end":{"line":105,"column":29}},"loc":{"start":{"line":105,"column":29},"end":{"line":105,"column":null}}},"7":{"name":"(anonymous_9)","decl":{"start":{"line":117,"column":38},"end":{"line":117,"column":44}},"loc":{"start":{"line":117,"column":44},"end":{"line":117,"column":null}}},"8":{"name":"(anonymous_10)","decl":{"start":{"line":125,"column":25},"end":{"line":125,"column":31}},"loc":{"start":{"line":125,"column":31},"end":{"line":125,"column":null}}},"9":{"name":"(anonymous_11)","decl":{"start":{"line":135,"column":27},"end":{"line":135,"column":33}},"loc":{"start":{"line":135,"column":33},"end":{"line":135,"column":null}}},"10":{"name":"(anonymous_12)","decl":{"start":{"line":152,"column":33},"end":{"line":152,"column":41}},"loc":{"start":{"line":152,"column":33},"end":{"line":152,"column":null}}},"11":{"name":"(anonymous_13)","decl":{"start":{"line":159,"column":35},"end":{"line":159,"column":43}},"loc":{"start":{"line":159,"column":35},"end":{"line":159,"column":null}}},"12":{"name":"(anonymous_14)","decl":{"start":{"line":189,"column":32},"end":{"line":189,"column":33}},"loc":{"start":{"line":190,"column":22},"end":{"line":191,"column":null}}},"13":{"name":"(anonymous_15)","decl":{"start":{"line":192,"column":33},"end":{"line":192,"column":39}},"loc":{"start":{"line":192,"column":39},"end":{"line":192,"column":null}}},"14":{"name":"(anonymous_16)","decl":{"start":{"line":209,"column":23},"end":{"line":209,"column":29}},"loc":{"start":{"line":209,"column":29},"end":{"line":209,"column":null}}},"15":{"name":"(anonymous_17)","decl":{"start":{"line":238,"column":27},"end":{"line":238,"column":33}},"loc":{"start":{"line":238,"column":33},"end":{"line":238,"column":null}}},"16":{"name":"(anonymous_18)","decl":{"start":{"line":257,"column":21},"end":{"line":257,"column":27}},"loc":{"start":{"line":257,"column":27},"end":{"line":257,"column":null}}},"17":{"name":"(anonymous_19)","decl":{"start":{"line":263,"column":23},"end":{"line":263,"column":24}},"loc":{"start":{"line":263,"column":30},"end":{"line":263,"column":null}}},"18":{"name":"(anonymous_20)","decl":{"start":{"line":272,"column":27},"end":{"line":272,"column":33}},"loc":{"start":{"line":272,"column":33},"end":{"line":272,"column":null}}},"19":{"name":"CollapsedNav","decl":{"start":{"line":287,"column":9},"end":{"line":287,"column":22}},"loc":{"start":{"line":287,"column":56},"end":{"line":316,"column":null}}},"20":{"name":"(anonymous_22)","decl":{"start":{"line":299,"column":17},"end":{"line":299,"column":18}},"loc":{"start":{"line":300,"column":8},"end":{"line":301,"column":null}}}},"branchMap":{"0":{"loc":{"start":{"line":46,"column":4},"end":{"line":48,"column":null}},"type":"if","locations":[{"start":{"line":46,"column":4},"end":{"line":48,"column":null}},{"start":{},"end":{}}]},"1":{"loc":{"start":{"line":46,"column":8},"end":{"line":46,"column":53}},"type":"binary-expr","locations":[{"start":{"line":46,"column":8},"end":{"line":46,"column":20}},{"start":{"line":46,"column":20},"end":{"line":46,"column":30}},{"start":{"line":46,"column":30},"end":{"line":46,"column":53}}]},"2":{"loc":{"start":{"line":49,"column":4},"end":{"line":51,"column":null}},"type":"if","locations":[{"start":{"line":49,"column":4},"end":{"line":51,"column":null}},{"start":{},"end":{}}]},"3":{"loc":{"start":{"line":49,"column":8},"end":{"line":49,"column":78}},"type":"binary-expr","locations":[{"start":{"line":49,"column":8},"end":{"line":49,"column":42}},{"start":{"line":49,"column":42},"end":{"line":49,"column":54}},{"start":{"line":49,"column":54},"end":{"line":49,"column":66}},{"start":{"line":49,"column":66},"end":{"line":49,"column":78}}]},"4":{"loc":{"start":{"line":65,"column":72},"end":{"line":65,"column":null}},"type":"binary-expr","locations":[{"start":{"line":65,"column":72},"end":{"line":65,"column":83}},{"start":{"line":65,"column":87},"end":{"line":65,"column":null}}]},"5":{"loc":{"start":{"line":71,"column":9},"end":{"line":71,"column":null}},"type":"binary-expr","locations":[{"start":{"line":71,"column":9},"end":{"line":71,"column":null}}]},"6":{"loc":{"start":{"line":87,"column":12},"end":{"line":87,"column":null}},"type":"binary-expr","locations":[{"start":{"line":87,"column":12},"end":{"line":87,"column":26}},{"start":{"line":87,"column":26},"end":{"line":87,"column":null}}]},"7":{"loc":{"start":{"line":88,"column":12},"end":{"line":88,"column":null}},"type":"cond-expr","locations":[{"start":{"line":88,"column":31},"end":{"line":88,"column":40}},{"start":{"line":88,"column":40},"end":{"line":88,"column":null}}]},"8":{"loc":{"start":{"line":89,"column":12},"end":{"line":89,"column":null}},"type":"cond-expr","locations":[{"start":{"line":89,"column":32},"end":{"line":89,"column":50}},{"start":{"line":89,"column":50},"end":{"line":89,"column":null}}]},"9":{"loc":{"start":{"line":98,"column":15},"end":{"line":98,"column":null}},"type":"binary-expr","locations":[{"start":{"line":98,"column":15},"end":{"line":98,"column":null}}]},"10":{"loc":{"start":{"line":108,"column":34},"end":{"line":108,"column":78}},"type":"cond-expr","locations":[{"start":{"line":108,"column":34},"end":{"line":108,"column":78}}]},"11":{"loc":{"start":{"line":115,"column":14},"end":{"line":117,"column":15}},"type":"cond-expr","locations":[{"start":{"line":115,"column":14},"end":{"line":117,"column":15}}]},"12":{"loc":{"start":{"line":115,"column":38},"end":{"line":115,"column":null}},"type":"binary-expr","locations":[{"start":{"line":115,"column":38},"end":{"line":115,"column":50}},{"start":{"line":115,"column":50},"end":{"line":115,"column":null}}]},"13":{"loc":{"start":{"line":130,"column":15},"end":{"line":130,"column":null}},"type":"binary-expr","locations":[{"start":{"line":130,"column":15},"end":{"line":130,"column":null}}]},"14":{"loc":{"start":{"line":131,"column":73},"end":{"line":131,"column":null}},"type":"binary-expr","locations":[{"start":{"line":131,"column":73},"end":{"line":131,"column":91}},{"start":{"line":131,"column":91},"end":{"line":131,"column":null}}]},"15":{"loc":{"start":{"line":141,"column":19},"end":{"line":141,"column":null}},"type":"binary-expr","locations":[{"start":{"line":141,"column":19},"end":{"line":141,"column":null}}]},"16":{"loc":{"start":{"line":148,"column":24},"end":{"line":148,"column":null}},"type":"cond-expr","locations":[{"start":{"line":148,"column":43},"end":{"line":148,"column":54}},{"start":{"line":148,"column":54},"end":{"line":148,"column":null}}]},"17":{"loc":{"start":{"line":157,"column":23},"end":{"line":157,"column":null}},"type":"binary-expr","locations":[{"start":{"line":157,"column":23},"end":{"line":157,"column":null}}]},"18":{"loc":{"start":{"line":181,"column":15},"end":{"line":181,"column":null}},"type":"binary-expr","locations":[{"start":{"line":181,"column":15},"end":{"line":181,"column":null}}]},"19":{"loc":{"start":{"line":207,"column":160},"end":{"line":207,"column":null}},"type":"binary-expr","locations":[{"start":{"line":207,"column":160},"end":{"line":207,"column":174}},{"start":{"line":207,"column":174},"end":{"line":207,"column":null}}]},"20":{"loc":{"start":{"line":232,"column":15},"end":{"line":232,"column":null}},"type":"binary-expr","locations":[{"start":{"line":232,"column":15},"end":{"line":232,"column":30}},{"start":{"line":232,"column":34},"end":{"line":232,"column":null}}]},"21":{"loc":{"start":{"line":234,"column":13},"end":{"line":234,"column":29}},"type":"binary-expr","locations":[{"start":{"line":234,"column":13},"end":{"line":234,"column":29}}]},"22":{"loc":{"start":{"line":251,"column":9},"end":{"line":251,"column":null}},"type":"binary-expr","locations":[{"start":{"line":251,"column":9},"end":{"line":251,"column":null}}]},"23":{"loc":{"start":{"line":306,"column":12},"end":{"line":308,"column":null}},"type":"cond-expr","locations":[{"start":{"line":307,"column":16},"end":{"line":307,"column":null}},{"start":{"line":308,"column":16},"end":{"line":308,"column":null}}]}},"s":{"0":73,"1":3,"2":3,"3":3,"4":3,"5":3,"6":3,"7":3,"8":3,"9":3,"10":3,"11":3,"12":73,"13":73,"14":73,"15":73,"16":73,"17":73,"18":73,"19":73,"20":73,"21":73,"22":73,"23":21,"24":73,"25":73,"26":12,"27":73,"28":0,"29":73,"30":0,"31":0,"32":73,"33":0,"34":0,"35":0,"36":0,"37":0,"38":0,"39":0,"40":0,"41":0,"42":0,"43":0,"44":0,"45":0,"46":0,"47":0,"48":0,"49":0,"50":0,"51":0,"52":0,"53":0},"f":{"0":73,"1":21,"2":73,"3":0,"4":0,"5":0,"6":0,"7":0,"8":0,"9":0,"10":0,"11":0,"12":0,"13":0,"14":0,"15":0,"16":0,"17":0,"18":0,"19":0,"20":0},"b":{"0":[12,61],"1":[73,73,12],"2":[0,73],"3":[73,0,0,0],"4":[73,0],"5":[73],"6":[73,0],"7":[0,73],"8":[0,73],"9":[73],"10":[0],"11":[0],"12":[0,0],"13":[73],"14":[73,12],"15":[73],"16":[0,0],"17":[0],"18":[73],"19":[73,0],"20":[73,55],"21":[73],"22":[73],"23":[0,0]}}
,"/home/bright/code/szyg/web/components/FeatureNav.tsx": {"path":"/home/bright/code/szyg/web/components/FeatureNav.tsx","statementMap":{"0":{"start":{"line":44,"column":24},"end":{"line":44,"column":35}},"1":{"start":{"line":3,"column":25},"end":{"line":3,"column":null}},"2":{"start":{"line":4,"column":17},"end":{"line":4,"column":null}},"3":{"start":{"line":5,"column":28},"end":{"line":5,"column":null}},"4":{"start":{"line":6,"column":40},"end":{"line":6,"column":null}},"5":{"start":{"line":13,"column":7},"end":{"line":13,"column":null}},"6":{"start":{"line":14,"column":42},"end":{"line":14,"column":null}},"7":{"start":{"line":15,"column":19},"end":{"line":15,"column":null}},"8":{"start":{"line":17,"column":77},"end":{"line":23,"column":null}},"9":{"start":{"line":25,"column":77},"end":{"line":31,"column":null}},"10":{"start":{"line":33,"column":24},"end":{"line":37,"column":null}},"11":{"start":{"line":45,"column":19},"end":{"line":45,"column":null}},"12":{"start":{"line":46,"column":19},"end":{"line":46,"column":null}},"13":{"start":{"line":47,"column":34},"end":{"line":51,"column":null}},"14":{"start":{"line":49,"column":4},"end":{"line":49,"column":null}},"15":{"start":{"line":49,"column":18},"end":{"line":49,"column":null}},"16":{"start":{"line":50,"column":4},"end":{"line":50,"column":null}},"17":{"start":{"line":53,"column":17},"end":{"line":55,"column":null}},"18":{"start":{"line":54,"column":4},"end":{"line":54,"column":null}},"19":{"start":{"line":54,"column":27},"end":{"line":54,"column":null}},"20":{"start":{"line":60,"column":27},"end":{"line":60,"column":49}},"21":{"start":{"line":61,"column":27},"end":{"line":61,"column":42}},"22":{"start":{"line":62,"column":23},"end":{"line":62,"column":58}},"23":{"start":{"line":63,"column":23},"end":{"line":63,"column":49}},"24":{"start":{"line":65,"column":8},"end":{"line":66,"column":null}},"25":{"start":{"line":69,"column":29},"end":{"line":69,"column":null}},"26":{"start":{"line":99,"column":39},"end":{"line":99,"column":59}},"27":{"start":{"line":100,"column":37},"end":{"line":100,"column":63}},"28":{"start":{"line":101,"column":35},"end":{"line":103,"column":null}},"29":{"start":{"line":105,"column":22},"end":{"line":107,"column":null}}},"fnMap":{"0":{"name":"FeatureNav","decl":{"start":{"line":44,"column":24},"end":{"line":44,"column":35}},"loc":{"start":{"line":44,"column":74},"end":{"line":150,"column":null}}},"1":{"name":"(anonymous_3)","decl":{"start":{"line":47,"column":68},"end":{"line":47,"column":null}},"loc":{"start":{"line":47,"column":68},"end":{"line":51,"column":null}}},"2":{"name":"(anonymous_4)","decl":{"start":{"line":53,"column":17},"end":{"line":53,"column":18}},"loc":{"start":{"line":53,"column":18},"end":{"line":55,"column":null}}},"3":{"name":"(anonymous_5)","decl":{"start":{"line":54,"column":16},"end":{"line":54,"column":17}},"loc":{"start":{"line":54,"column":27},"end":{"line":54,"column":null}}},"4":{"name":"(anonymous_6)","decl":{"start":{"line":59,"column":23},"end":{"line":59,"column":24}},"loc":{"start":{"line":59,"column":24},"end":{"line":147,"column":null}}},"5":{"name":"(anonymous_7)","decl":{"start":{"line":69,"column":23},"end":{"line":69,"column":29}},"loc":{"start":{"line":69,"column":29},"end":{"line":69,"column":null}}},"6":{"name":"(anonymous_8)","decl":{"start":{"line":98,"column":38},"end":{"line":98,"column":39}},"loc":{"start":{"line":98,"column":39},"end":{"line":140,"column":null}}}},"branchMap":{"0":{"loc":{"start":{"line":46,"column":32},"end":{"line":46,"column":null}},"type":"binary-expr","locations":[{"start":{"line":46,"column":32},"end":{"line":46,"column":44}},{"start":{"line":46,"column":44},"end":{"line":46,"column":null}}]},"1":{"loc":{"start":{"line":49,"column":4},"end":{"line":49,"column":null}},"type":"if","locations":[{"start":{"line":49,"column":4},"end":{"line":49,"column":null}},{"start":{},"end":{}}]},"2":{"loc":{"start":{"line":58,"column":36},"end":{"line":58,"column":null}},"type":"binary-expr","locations":[{"start":{"line":58,"column":36},"end":{"line":58,"column":46}},{"start":{"line":58,"column":46},"end":{"line":58,"column":null}}]},"3":{"loc":{"start":{"line":62,"column":23},"end":{"line":62,"column":58}},"type":"binary-expr","locations":[{"start":{"line":62,"column":23},"end":{"line":62,"column":38}},{"start":{"line":62,"column":42},"end":{"line":62,"column":58}}]},"4":{"loc":{"start":{"line":63,"column":23},"end":{"line":63,"column":49}},"type":"binary-expr","locations":[{"start":{"line":63,"column":23},"end":{"line":63,"column":39}},{"start":{"line":63,"column":43},"end":{"line":63,"column":49}}]},"5":{"loc":{"start":{"line":72,"column":16},"end":{"line":74,"column":null}},"type":"cond-expr","locations":[{"start":{"line":73,"column":20},"end":{"line":73,"column":91}},{"start":{"line":74,"column":20},"end":{"line":74,"column":null}}]},"6":{"loc":{"start":{"line":77,"column":61},"end":{"line":77,"column":86}},"type":"binary-expr","locations":[{"start":{"line":77,"column":61},"end":{"line":77,"column":75}},{"start":{"line":77,"column":75},"end":{"line":77,"column":86}}]},"7":{"loc":{"start":{"line":82,"column":18},"end":{"line":82,"column":null}},"type":"binary-expr","locations":[{"start":{"line":82,"column":18},"end":{"line":82,"column":32}},{"start":{"line":82,"column":32},"end":{"line":82,"column":null}}]},"8":{"loc":{"start":{"line":89,"column":15},"end":{"line":89,"column":null}},"type":"binary-expr","locations":[{"start":{"line":89,"column":15},"end":{"line":89,"column":null}}]},"9":{"loc":{"start":{"line":100,"column":37},"end":{"line":100,"column":63}},"type":"binary-expr","locations":[{"start":{"line":100,"column":37},"end":{"line":100,"column":53}},{"start":{"line":100,"column":57},"end":{"line":100,"column":63}}]},"10":{"loc":{"start":{"line":101,"column":35},"end":{"line":103,"column":null}},"type":"cond-expr","locations":[{"start":{"line":102,"column":26},"end":{"line":102,"column":61}},{"start":{"line":103,"column":26},"end":{"line":103,"column":null}}]},"11":{"loc":{"start":{"line":108,"column":32},"end":{"line":108,"column":null}},"type":"binary-expr","locations":[{"start":{"line":108,"column":32},"end":{"line":108,"column":39}},{"start":{"line":108,"column":43},"end":{"line":108,"column":null}}]},"12":{"loc":{"start":{"line":112,"column":28},"end":{"line":114,"column":null}},"type":"cond-expr","locations":[{"start":{"line":113,"column":32},"end":{"line":113,"column":null}},{"start":{"line":114,"column":32},"end":{"line":114,"column":null}}]},"13":{"loc":{"start":{"line":117,"column":77},"end":{"line":117,"column":null}},"type":"binary-expr","locations":[{"start":{"line":117,"column":77},"end":{"line":117,"column":89}},{"start":{"line":117,"column":89},"end":{"line":117,"column":null}}]},"14":{"loc":{"start":{"line":120,"column":27},"end":{"line":120,"column":35}},"type":"binary-expr","locations":[{"start":{"line":120,"column":27},"end":{"line":120,"column":35}}]},"15":{"loc":{"start":{"line":124,"column":32},"end":{"line":124,"column":null}},"type":"binary-expr","locations":[{"start":{"line":124,"column":32},"end":{"line":124,"column":54}},{"start":{"line":124,"column":54},"end":{"line":124,"column":null}}]},"16":{"loc":{"start":{"line":125,"column":32},"end":{"line":125,"column":null}},"type":"binary-expr","locations":[{"start":{"line":125,"column":32},"end":{"line":125,"column":54}},{"start":{"line":125,"column":54},"end":{"line":125,"column":null}}]},"17":{"loc":{"start":{"line":126,"column":32},"end":{"line":126,"column":null}},"type":"binary-expr","locations":[{"start":{"line":126,"column":32},"end":{"line":126,"column":55}},{"start":{"line":126,"column":55},"end":{"line":126,"column":null}}]},"18":{"loc":{"start":{"line":129,"column":31},"end":{"line":129,"column":null}},"type":"cond-expr","locations":[{"start":{"line":129,"column":52},"end":{"line":129,"column":58}},{"start":{"line":129,"column":58},"end":{"line":129,"column":null}}]},"19":{"loc":{"start":{"line":129,"column":58},"end":{"line":129,"column":null}},"type":"cond-expr","locations":[{"start":{"line":129,"column":79},"end":{"line":129,"column":85}},{"start":{"line":129,"column":85},"end":{"line":129,"column":null}}]},"20":{"loc":{"start":{"line":133,"column":27},"end":{"line":133,"column":35}},"type":"binary-expr","locations":[{"start":{"line":133,"column":27},"end":{"line":133,"column":35}},{"start":{"line":133,"column":35},"end":{"line":133,"column":44}}]}},"s":{"0":73,"1":3,"2":3,"3":3,"4":3,"5":3,"6":3,"7":3,"8":3,"9":3,"10":3,"11":73,"12":73,"13":73,"14":21,"15":0,"16":21,"17":73,"18":0,"19":0,"20":365,"21":365,"22":365,"23":365,"24":365,"25":0,"26":365,"27":365,"28":365,"29":365},"f":{"0":73,"1":21,"2":0,"3":0,"4":365,"5":0,"6":365},"b":{"0":[73,0],"1":[0,21],"2":[73,0],"3":[365,0],"4":[365,0],"5":[0,365],"6":[365,0],"7":[365,73],"8":[365],"9":[365,0],"10":[0,365],"11":[365,0],"12":[0,365],"13":[365,0],"14":[365],"15":[73,0],"16":[73,73],"17":[73,0],"18":[0,73],"19":[73,0],"20":[365,0]}}
,"/home/bright/code/szyg/web/components/Particles.tsx": {"path":"/home/bright/code/szyg/web/components/Particles.tsx","statementMap":{"0":{"start":{"line":14,"column":24},"end":{"line":14,"column":null}},"1":{"start":{"line":3,"column":34},"end":{"line":3,"column":null}},"2":{"start":{"line":15,"column":20},"end":{"line":15,"column":null}},"3":{"start":{"line":17,"column":2},"end":{"line":117,"column":null}},"4":{"start":{"line":18,"column":19},"end":{"line":18,"column":36}},"5":{"start":{"line":19,"column":4},"end":{"line":19,"column":null}},"6":{"start":{"line":19,"column":17},"end":{"line":19,"column":null}},"7":{"start":{"line":20,"column":16},"end":{"line":20,"column":null}},"8":{"start":{"line":21,"column":4},"end":{"line":21,"column":null}},"9":{"start":{"line":21,"column":14},"end":{"line":21,"column":null}},"10":{"start":{"line":23,"column":32},"end":{"line":23,"column":34}},"11":{"start":{"line":25,"column":16},"end":{"line":25,"column":null}},"12":{"start":{"line":27,"column":19},"end":{"line":30,"column":null}},"13":{"start":{"line":28,"column":6},"end":{"line":28,"column":null}},"14":{"start":{"line":29,"column":6},"end":{"line":29,"column":null}},"15":{"start":{"line":31,"column":4},"end":{"line":31,"column":null}},"16":{"start":{"line":32,"column":4},"end":{"line":32,"column":null}},"17":{"start":{"line":34,"column":18},"end":{"line":34,"column":null}},"18":{"start":{"line":35,"column":4},"end":{"line":44,"column":null}},"19":{"start":{"line":35,"column":17},"end":{"line":35,"column":20}},"20":{"start":{"line":36,"column":6},"end":{"line":43,"column":null}},"21":{"start":{"line":46,"column":24},"end":{"line":49,"column":null}},"22":{"start":{"line":47,"column":6},"end":{"line":47,"column":null}},"23":{"start":{"line":48,"column":6},"end":{"line":48,"column":null}},"24":{"start":{"line":50,"column":4},"end":{"line":50,"column":null}},"25":{"start":{"line":52,"column":17},"end":{"line":109,"column":null}},"26":{"start":{"line":53,"column":6},"end":{"line":53,"column":null}},"27":{"start":{"line":54,"column":21},"end":{"line":54,"column":null}},"28":{"start":{"line":56,"column":6},"end":{"line":106,"column":null}},"29":{"start":{"line":57,"column":8},"end":{"line":57,"column":null}},"30":{"start":{"line":58,"column":8},"end":{"line":58,"column":null}},"31":{"start":{"line":59,"column":8},"end":{"line":59,"column":null}},"32":{"start":{"line":59,"column":43},"end":{"line":59,"column":null}},"33":{"start":{"line":60,"column":8},"end":{"line":60,"column":null}},"34":{"start":{"line":60,"column":44},"end":{"line":60,"column":null}},"35":{"start":{"line":62,"column":8},"end":{"line":62,"column":null}},"36":{"start":{"line":63,"column":8},"end":{"line":63,"column":null}},"37":{"start":{"line":64,"column":8},"end":{"line":64,"column":null}},"38":{"start":{"line":66,"column":8},"end":{"line":71,"column":null}},"39":{"start":{"line":67,"column":20},"end":{"line":67,"column":null}},"40":{"start":{"line":68,"column":20},"end":{"line":68,"column":null}},"41":{"start":{"line":69,"column":20},"end":{"line":69,"column":null}},"42":{"start":{"line":70,"column":10},"end":{"line":70,"column":null}},"43":{"start":{"line":72,"column":8},"end":{"line":72,"column":null}},"44":{"start":{"line":74,"column":8},"end":{"line":90,"column":null}},"45":{"start":{"line":74,"column":21},"end":{"line":74,"column":28}},"46":{"start":{"line":75,"column":20},"end":{"line":75,"column":32}},"47":{"start":{"line":76,"column":21},"end":{"line":76,"column":30}},"48":{"start":{"line":77,"column":21},"end":{"line":77,"column":30}},"49":{"start":{"line":78,"column":23},"end":{"line":78,"column":null}},"50":{"start":{"line":79,"column":10},"end":{"line":89,"column":null}},"51":{"start":{"line":80,"column":12},"end":{"line":80,"column":null}},"52":{"start":{"line":81,"column":12},"end":{"line":81,"column":null}},"53":{"start":{"line":82,"column":12},"end":{"line":82,"column":null}},"54":{"start":{"line":83,"column":23},"end":{"line":83,"column":null}},"55":{"start":{"line":84,"column":23},"end":{"line":84,"column":null}},"56":{"start":{"line":85,"column":23},"end":{"line":85,"column":null}},"57":{"start":{"line":86,"column":12},"end":{"line":86,"column":null}},"58":{"start":{"line":87,"column":12},"end":{"line":87,"column":null}},"59":{"start":{"line":88,"column":12},"end":{"line":88,"column":null}},"60":{"start":{"line":92,"column":20},"end":{"line":92,"column":33}},"61":{"start":{"line":93,"column":20},"end":{"line":93,"column":33}},"62":{"start":{"line":94,"column":22},"end":{"line":94,"column":null}},"63":{"start":{"line":95,"column":8},"end":{"line":105,"column":null}},"64":{"start":{"line":96,"column":10},"end":{"line":96,"column":null}},"65":{"start":{"line":97,"column":10},"end":{"line":97,"column":null}},"66":{"start":{"line":98,"column":10},"end":{"line":98,"column":null}},"67":{"start":{"line":99,"column":21},"end":{"line":99,"column":null}},"68":{"start":{"line":100,"column":21},"end":{"line":100,"column":null}},"69":{"start":{"line":101,"column":21},"end":{"line":101,"column":null}},"70":{"start":{"line":102,"column":10},"end":{"line":102,"column":null}},"71":{"start":{"line":103,"column":10},"end":{"line":103,"column":null}},"72":{"start":{"line":104,"column":10},"end":{"line":104,"column":null}},"73":{"start":{"line":108,"column":6},"end":{"line":108,"column":null}},"74":{"start":{"line":110,"column":4},"end":{"line":110,"column":null}},"75":{"start":{"line":112,"column":4},"end":{"line":116,"column":null}},"76":{"start":{"line":113,"column":6},"end":{"line":113,"column":null}},"77":{"start":{"line":114,"column":6},"end":{"line":114,"column":null}},"78":{"start":{"line":115,"column":6},"end":{"line":115,"column":null}}},"fnMap":{"0":{"name":"Particles","decl":{"start":{"line":14,"column":24},"end":{"line":14,"column":null}},"loc":{"start":{"line":14,"column":24},"end":{"line":120,"column":null}}},"1":{"name":"(anonymous_2)","decl":{"start":{"line":17,"column":12},"end":{"line":17,"column":null}},"loc":{"start":{"line":17,"column":12},"end":{"line":117,"column":5}}},"2":{"name":"(anonymous_3)","decl":{"start":{"line":27,"column":19},"end":{"line":27,"column":null}},"loc":{"start":{"line":27,"column":19},"end":{"line":30,"column":null}}},"3":{"name":"(anonymous_4)","decl":{"start":{"line":46,"column":24},"end":{"line":46,"column":25}},"loc":{"start":{"line":46,"column":25},"end":{"line":49,"column":null}}},"4":{"name":"(anonymous_5)","decl":{"start":{"line":52,"column":17},"end":{"line":52,"column":null}},"loc":{"start":{"line":52,"column":17},"end":{"line":109,"column":null}}},"5":{"name":"(anonymous_6)","decl":{"start":{"line":56,"column":24},"end":{"line":56,"column":25}},"loc":{"start":{"line":56,"column":28},"end":{"line":106,"column":null}}},"6":{"name":"(anonymous_7)","decl":{"start":{"line":112,"column":11},"end":{"line":112,"column":null}},"loc":{"start":{"line":112,"column":11},"end":{"line":116,"column":null}}}},"branchMap":{"0":{"loc":{"start":{"line":19,"column":4},"end":{"line":19,"column":null}},"type":"if","locations":[{"start":{"line":19,"column":4},"end":{"line":19,"column":null}},{"start":{},"end":{}}]},"1":{"loc":{"start":{"line":21,"column":4},"end":{"line":21,"column":null}},"type":"if","locations":[{"start":{"line":21,"column":4},"end":{"line":21,"column":null}},{"start":{},"end":{}}]},"2":{"loc":{"start":{"line":54,"column":21},"end":{"line":54,"column":null}},"type":"binary-expr","locations":[{"start":{"line":54,"column":21},"end":{"line":54,"column":103}},{"start":{"line":54,"column":103},"end":{"line":54,"column":null}}]},"3":{"loc":{"start":{"line":59,"column":8},"end":{"line":59,"column":null}},"type":"if","locations":[{"start":{"line":59,"column":8},"end":{"line":59,"column":null}},{"start":{},"end":{}}]},"4":{"loc":{"start":{"line":59,"column":12},"end":{"line":59,"column":41}},"type":"binary-expr","locations":[{"start":{"line":59,"column":12},"end":{"line":59,"column":23}},{"start":{"line":59,"column":23},"end":{"line":59,"column":41}}]},"5":{"loc":{"start":{"line":60,"column":8},"end":{"line":60,"column":null}},"type":"if","locations":[{"start":{"line":60,"column":8},"end":{"line":60,"column":null}},{"start":{},"end":{}}]},"6":{"loc":{"start":{"line":60,"column":12},"end":{"line":60,"column":42}},"type":"binary-expr","locations":[{"start":{"line":60,"column":12},"end":{"line":60,"column":23}},{"start":{"line":60,"column":23},"end":{"line":60,"column":42}}]},"7":{"loc":{"start":{"line":66,"column":8},"end":{"line":71,"column":null}},"type":"if","locations":[{"start":{"line":66,"column":8},"end":{"line":71,"column":null}},{"start":{},"end":{}}]},"8":{"loc":{"start":{"line":79,"column":10},"end":{"line":89,"column":null}},"type":"if","locations":[{"start":{"line":79,"column":10},"end":{"line":89,"column":null}},{"start":{},"end":{}}]},"9":{"loc":{"start":{"line":95,"column":8},"end":{"line":105,"column":null}},"type":"if","locations":[{"start":{"line":95,"column":8},"end":{"line":105,"column":null}},{"start":{},"end":{}}]}},"s":{"0":75,"1":4,"2":75,"3":75,"4":23,"5":23,"6":0,"7":23,"8":23,"9":22,"10":1,"11":1,"12":1,"13":1,"14":1,"15":1,"16":1,"17":1,"18":1,"19":1,"20":34,"21":1,"22":0,"23":0,"24":1,"25":1,"26":1,"27":1,"28":1,"29":34,"30":34,"31":34,"32":0,"33":34,"34":0,"35":34,"36":34,"37":34,"38":34,"39":34,"40":34,"41":34,"42":34,"43":34,"44":34,"45":34,"46":561,"47":561,"48":561,"49":561,"50":561,"51":43,"52":43,"53":43,"54":43,"55":43,"56":43,"57":43,"58":43,"59":43,"60":34,"61":34,"62":34,"63":34,"64":0,"65":0,"66":0,"67":0,"68":0,"69":0,"70":0,"71":0,"72":0,"73":1,"74":1,"75":1,"76":1,"77":1,"78":1},"f":{"0":75,"1":23,"2":1,"3":0,"4":1,"5":34,"6":1},"b":{"0":[0,23],"1":[22,1],"2":[1,0],"3":[0,34],"4":[34,34],"5":[0,34],"6":[34,34],"7":[34,0],"8":[43,518],"9":[0,34]}}
,"/home/bright/code/szyg/web/components/PlaceholderPage.tsx": {"path":"/home/bright/code/szyg/web/components/PlaceholderPage.tsx","statementMap":{"0":{"start":{"line":36,"column":24},"end":{"line":36,"column":40}},"1":{"start":{"line":3,"column":23},"end":{"line":3,"column":null}},"2":{"start":{"line":4,"column":22},"end":{"line":4,"column":null}},"3":{"start":{"line":10,"column":7},"end":{"line":10,"column":null}},"4":{"start":{"line":13,"column":77},"end":{"line":18,"column":null}},"5":{"start":{"line":20,"column":70},"end":{"line":24,"column":null}},"6":{"start":{"line":26,"column":68},"end":{"line":30,"column":null}},"7":{"start":{"line":37,"column":15},"end":{"line":37,"column":46}},"8":{"start":{"line":38,"column":17},"end":{"line":38,"column":null}},"9":{"start":{"line":39,"column":15},"end":{"line":39,"column":null}}},"fnMap":{"0":{"name":"PlaceholderPage","decl":{"start":{"line":36,"column":24},"end":{"line":36,"column":40}},"loc":{"start":{"line":36,"column":73},"end":{"line":91,"column":null}}}},"branchMap":{"0":{"loc":{"start":{"line":37,"column":15},"end":{"line":37,"column":46}},"type":"binary-expr","locations":[{"start":{"line":37,"column":15},"end":{"line":37,"column":36}},{"start":{"line":37,"column":40},"end":{"line":37,"column":46}}]},"1":{"loc":{"start":{"line":38,"column":17},"end":{"line":38,"column":null}},"type":"cond-expr","locations":[{"start":{"line":38,"column":34},"end":{"line":38,"column":61}},{"start":{"line":38,"column":64},"end":{"line":38,"column":null}}]},"2":{"loc":{"start":{"line":39,"column":15},"end":{"line":39,"column":null}},"type":"cond-expr","locations":[{"start":{"line":39,"column":41},"end":{"line":39,"column":75}},{"start":{"line":39,"column":78},"end":{"line":39,"column":null}}]},"3":{"loc":{"start":{"line":62,"column":11},"end":{"line":62,"column":30}},"type":"binary-expr","locations":[{"start":{"line":62,"column":11},"end":{"line":62,"column":30}}]},"4":{"loc":{"start":{"line":70,"column":13},"end":{"line":70,"column":null}},"type":"binary-expr","locations":[{"start":{"line":70,"column":13},"end":{"line":70,"column":null}}]},"5":{"loc":{"start":{"line":75,"column":13},"end":{"line":75,"column":null}},"type":"binary-expr","locations":[{"start":{"line":75,"column":13},"end":{"line":75,"column":null}}]}},"s":{"0":0,"1":0,"2":0,"3":0,"4":0,"5":0,"6":0,"7":0,"8":0,"9":0},"f":{"0":0},"b":{"0":[0,0],"1":[0,0],"2":[0,0],"3":[0],"4":[0],"5":[0]}}
,"/home/bright/code/szyg/web/components/TitleBar.tsx": {"path":"/home/bright/code/szyg/web/components/TitleBar.tsx","statementMap":{"0":{"start":{"line":17,"column":24},"end":{"line":17,"column":null}},"1":{"start":{"line":3,"column":36},"end":{"line":3,"column":null}},"2":{"start":{"line":4,"column":33},"end":{"line":4,"column":null}},"3":{"start":{"line":18,"column":38},"end":{"line":18,"column":null}},"4":{"start":{"line":20,"column":2},"end":{"line":22,"column":null}},"5":{"start":{"line":21,"column":4},"end":{"line":21,"column":null}},"6":{"start":{"line":24,"column":2},"end":{"line":24,"column":null}},"7":{"start":{"line":24,"column":19},"end":{"line":24,"column":null}},"8":{"start":{"line":38,"column":25},"end":{"line":38,"column":null}},"9":{"start":{"line":44,"column":25},"end":{"line":44,"column":null}},"10":{"start":{"line":50,"column":25},"end":{"line":50,"column":null}}},"fnMap":{"0":{"name":"TitleBar","decl":{"start":{"line":17,"column":24},"end":{"line":17,"column":null}},"loc":{"start":{"line":17,"column":24},"end":{"line":58,"column":null}}},"1":{"name":"(anonymous_2)","decl":{"start":{"line":20,"column":12},"end":{"line":20,"column":null}},"loc":{"start":{"line":20,"column":12},"end":{"line":22,"column":5}}},"2":{"name":"(anonymous_3)","decl":{"start":{"line":38,"column":19},"end":{"line":38,"column":25}},"loc":{"start":{"line":38,"column":25},"end":{"line":38,"column":null}}},"3":{"name":"(anonymous_4)","decl":{"start":{"line":44,"column":19},"end":{"line":44,"column":25}},"loc":{"start":{"line":44,"column":25},"end":{"line":44,"column":null}}},"4":{"name":"(anonymous_5)","decl":{"start":{"line":50,"column":19},"end":{"line":50,"column":25}},"loc":{"start":{"line":50,"column":25},"end":{"line":50,"column":null}}}},"branchMap":{"0":{"loc":{"start":{"line":24,"column":2},"end":{"line":24,"column":null}},"type":"if","locations":[{"start":{"line":24,"column":2},"end":{"line":24,"column":null}},{"start":{},"end":{}}]}},"s":{"0":73,"1":3,"2":3,"3":73,"4":73,"5":21,"6":73,"7":73,"8":0,"9":0,"10":0},"f":{"0":73,"1":21,"2":0,"3":0,"4":0},"b":{"0":[73,0]}}
,"/home/bright/code/szyg/web/lib/api.ts": {"path":"/home/bright/code/szyg/web/lib/api.ts","statementMap":{"0":{"start":{"line":13,"column":0},"end":{"line":13,"column":15}},"1":{"start":{"line":1,"column":18},"end":{"line":1,"column":null}},"2":{"start":{"line":3,"column":12},"end":{"line":5,"column":null}},"3":{"start":{"line":7,"column":0},"end":{"line":11,"column":null}},"4":{"start":{"line":8,"column":16},"end":{"line":8,"column":null}},"5":{"start":{"line":9,"column":2},"end":{"line":9,"column":null}},"6":{"start":{"line":9,"column":13},"end":{"line":9,"column":null}},"7":{"start":{"line":10,"column":2},"end":{"line":10,"column":null}},"8":{"start":{"line":13,"column":15},"end":{"line":13,"column":null}}},"fnMap":{"0":{"name":"(anonymous_2)","decl":{"start":{"line":7,"column":29},"end":{"line":7,"column":30}},"loc":{"start":{"line":7,"column":30},"end":{"line":11,"column":null}}}},"branchMap":{"0":{"loc":{"start":{"line":8,"column":16},"end":{"line":8,"column":null}},"type":"cond-expr","locations":[{"start":{"line":8,"column":48},"end":{"line":8,"column":80}},{"start":{"line":8,"column":80},"end":{"line":8,"column":null}}]},"1":{"loc":{"start":{"line":9,"column":2},"end":{"line":9,"column":null}},"type":"if","locations":[{"start":{"line":9,"column":2},"end":{"line":9,"column":null}},{"start":{},"end":{}}]}},"s":{"0":6,"1":1,"2":1,"3":1,"4":0,"5":0,"6":0,"7":0,"8":1},"f":{"0":0},"b":{"0":[0,0],"1":[0,0]}}
,"/home/bright/code/szyg/web/lib/chat-store.ts": {"path":"/home/bright/code/szyg/web/lib/chat-store.ts","statementMap":{"0":{"start":{"line":42,"column":16},"end":{"line":42,"column":null}},"1":{"start":{"line":3,"column":46},"end":{"line":3,"column":null}},"2":{"start":{"line":19,"column":20},"end":{"line":19,"column":null}},"3":{"start":{"line":20,"column":26},"end":{"line":20,"column":null}},"4":{"start":{"line":23,"column":2},"end":{"line":23,"column":null}},"5":{"start":{"line":23,"column":37},"end":{"line":23,"column":null}},"6":{"start":{"line":24,"column":2},"end":{"line":29,"column":null}},"7":{"start":{"line":25,"column":16},"end":{"line":25,"column":null}},"8":{"start":{"line":26,"column":4},"end":{"line":26,"column":null}},"9":{"start":{"line":28,"column":4},"end":{"line":28,"column":null}},"10":{"start":{"line":33,"column":2},"end":{"line":33,"column":null}},"11":{"start":{"line":33,"column":37},"end":{"line":33,"column":null}},"12":{"start":{"line":34,"column":18},"end":{"line":34,"column":null}},"13":{"start":{"line":35,"column":2},"end":{"line":35,"column":null}},"14":{"start":{"line":39,"column":2},"end":{"line":39,"column":null}},"15":{"start":{"line":43,"column":44},"end":{"line":43,"column":null}},"16":{"start":{"line":44,"column":34},"end":{"line":47,"column":null}},"17":{"start":{"line":45,"column":18},"end":{"line":45,"column":null}},"18":{"start":{"line":46,"column":4},"end":{"line":46,"column":null}},"19":{"start":{"line":49,"column":27},"end":{"line":49,"column":null}},"20":{"start":{"line":50,"column":2},"end":{"line":50,"column":null}},"21":{"start":{"line":52,"column":17},"end":{"line":52,"column":null}},"22":{"start":{"line":52,"column":41},"end":{"line":52,"column":63}},"23":{"start":{"line":54,"column":18},"end":{"line":58,"column":null}},"24":{"start":{"line":55,"column":4},"end":{"line":55,"column":null}},"25":{"start":{"line":56,"column":4},"end":{"line":56,"column":null}},"26":{"start":{"line":57,"column":4},"end":{"line":57,"column":null}},"27":{"start":{"line":60,"column":26},"end":{"line":69,"column":null}},"28":{"start":{"line":61,"column":31},"end":{"line":64,"column":null}},"29":{"start":{"line":65,"column":20},"end":{"line":65,"column":null}},"30":{"start":{"line":66,"column":4},"end":{"line":66,"column":null}},"31":{"start":{"line":67,"column":4},"end":{"line":67,"column":null}},"32":{"start":{"line":68,"column":4},"end":{"line":68,"column":null}},"33":{"start":{"line":71,"column":21},"end":{"line":83,"column":null}},"34":{"start":{"line":72,"column":4},"end":{"line":72,"column":null}},"35":{"start":{"line":72,"column":19},"end":{"line":72,"column":null}},"36":{"start":{"line":73,"column":20},"end":{"line":73,"column":44}},"37":{"start":{"line":74,"column":20},"end":{"line":81,"column":null}},"38":{"start":{"line":75,"column":6},"end":{"line":75,"column":null}},"39":{"start":{"line":75,"column":29},"end":{"line":75,"column":null}},"40":{"start":{"line":76,"column":27},"end":{"line":76,"column":null}},"41":{"start":{"line":77,"column":20},"end":{"line":79,"column":17}},"42":{"start":{"line":80,"column":6},"end":{"line":80,"column":null}},"43":{"start":{"line":82,"column":4},"end":{"line":82,"column":null}},"44":{"start":{"line":85,"column":30},"end":{"line":98,"column":null}},"45":{"start":{"line":86,"column":4},"end":{"line":86,"column":null}},"46":{"start":{"line":86,"column":19},"end":{"line":86,"column":null}},"47":{"start":{"line":87,"column":20},"end":{"line":87,"column":44}},"48":{"start":{"line":88,"column":20},"end":{"line":96,"column":null}},"49":{"start":{"line":89,"column":6},"end":{"line":89,"column":null}},"50":{"start":{"line":89,"column":29},"end":{"line":89,"column":null}},"51":{"start":{"line":90,"column":19},"end":{"line":90,"column":null}},"52":{"start":{"line":91,"column":19},"end":{"line":91,"column":40}},"53":{"start":{"line":92,"column":6},"end":{"line":94,"column":null}},"54":{"start":{"line":93,"column":8},"end":{"line":93,"column":null}},"55":{"start":{"line":95,"column":6},"end":{"line":95,"column":null}},"56":{"start":{"line":97,"column":4},"end":{"line":97,"column":null}},"57":{"start":{"line":100,"column":29},"end":{"line":102,"column":null}},"58":{"start":{"line":101,"column":4},"end":{"line":101,"column":null}},"59":{"start":{"line":104,"column":29},"end":{"line":110,"column":null}},"60":{"start":{"line":105,"column":20},"end":{"line":105,"column":null}},"61":{"start":{"line":105,"column":57},"end":{"line":105,"column":null}},"62":{"start":{"line":106,"column":4},"end":{"line":106,"column":null}},"63":{"start":{"line":107,"column":4},"end":{"line":109,"column":null}},"64":{"start":{"line":108,"column":6},"end":{"line":108,"column":null}},"65":{"start":{"line":112,"column":23},"end":{"line":118,"column":null}},"66":{"start":{"line":113,"column":4},"end":{"line":113,"column":null}},"67":{"start":{"line":113,"column":19},"end":{"line":113,"column":null}},"68":{"start":{"line":114,"column":20},"end":{"line":115,"column":null}},"69":{"start":{"line":115,"column":6},"end":{"line":115,"column":null}},"70":{"start":{"line":117,"column":4},"end":{"line":117,"column":null}},"71":{"start":{"line":120,"column":2},"end":{"line":124,"column":null}}},"fnMap":{"0":{"name":"loadConversations","decl":{"start":{"line":22,"column":9},"end":{"line":22,"column":null}},"loc":{"start":{"line":22,"column":9},"end":{"line":30,"column":null}}},"1":{"name":"saveConversations","decl":{"start":{"line":32,"column":9},"end":{"line":32,"column":27}},"loc":{"start":{"line":32,"column":48},"end":{"line":36,"column":null}}},"2":{"name":"genId","decl":{"start":{"line":38,"column":9},"end":{"line":38,"column":null}},"loc":{"start":{"line":38,"column":9},"end":{"line":40,"column":null}}},"3":{"name":"useChatStore","decl":{"start":{"line":42,"column":16},"end":{"line":42,"column":null}},"loc":{"start":{"line":42,"column":16},"end":{"line":125,"column":null}}},"4":{"name":"(anonymous_5)","decl":{"start":{"line":44,"column":58},"end":{"line":44,"column":null}},"loc":{"start":{"line":44,"column":58},"end":{"line":47,"column":null}}},"5":{"name":"(anonymous_6)","decl":{"start":{"line":52,"column":36},"end":{"line":52,"column":41}},"loc":{"start":{"line":52,"column":41},"end":{"line":52,"column":63}}},"6":{"name":"(anonymous_7)","decl":{"start":{"line":54,"column":30},"end":{"line":54,"column":31}},"loc":{"start":{"line":54,"column":31},"end":{"line":58,"column":5}}},"7":{"name":"(anonymous_8)","decl":{"start":{"line":60,"column":38},"end":{"line":60,"column":39}},"loc":{"start":{"line":60,"column":39},"end":{"line":69,"column":5}}},"8":{"name":"(anonymous_9)","decl":{"start":{"line":71,"column":33},"end":{"line":71,"column":34}},"loc":{"start":{"line":71,"column":51},"end":{"line":83,"column":5}}},"9":{"name":"(anonymous_10)","decl":{"start":{"line":74,"column":32},"end":{"line":74,"column":null}},"loc":{"start":{"line":74,"column":32},"end":{"line":81,"column":null}}},"10":{"name":"(anonymous_11)","decl":{"start":{"line":85,"column":42},"end":{"line":85,"column":43}},"loc":{"start":{"line":85,"column":43},"end":{"line":98,"column":5}}},"11":{"name":"(anonymous_12)","decl":{"start":{"line":88,"column":32},"end":{"line":88,"column":null}},"loc":{"start":{"line":88,"column":32},"end":{"line":96,"column":null}}},"12":{"name":"(anonymous_13)","decl":{"start":{"line":100,"column":41},"end":{"line":100,"column":42}},"loc":{"start":{"line":100,"column":42},"end":{"line":102,"column":5}}},"13":{"name":"(anonymous_14)","decl":{"start":{"line":104,"column":41},"end":{"line":104,"column":42}},"loc":{"start":{"line":104,"column":42},"end":{"line":110,"column":5}}},"14":{"name":"(anonymous_15)","decl":{"start":{"line":105,"column":52},"end":{"line":105,"column":57}},"loc":{"start":{"line":105,"column":57},"end":{"line":105,"column":null}}},"15":{"name":"(anonymous_16)","decl":{"start":{"line":112,"column":35},"end":{"line":112,"column":null}},"loc":{"start":{"line":112,"column":35},"end":{"line":118,"column":5}}},"16":{"name":"(anonymous_17)","decl":{"start":{"line":114,"column":49},"end":{"line":114,"column":null}},"loc":{"start":{"line":115,"column":6},"end":{"line":115,"column":null}}}},"branchMap":{"0":{"loc":{"start":{"line":23,"column":2},"end":{"line":23,"column":null}},"type":"if","locations":[{"start":{"line":23,"column":2},"end":{"line":23,"column":null}},{"start":{},"end":{}}]},"1":{"loc":{"start":{"line":26,"column":11},"end":{"line":26,"column":37}},"type":"cond-expr","locations":[{"start":{"line":26,"column":17},"end":{"line":26,"column":35}},{"start":{"line":26,"column":35},"end":{"line":26,"column":37}}]},"2":{"loc":{"start":{"line":33,"column":2},"end":{"line":33,"column":null}},"type":"if","locations":[{"start":{"line":33,"column":2},"end":{"line":33,"column":null}},{"start":{},"end":{}}]},"3":{"loc":{"start":{"line":46,"column":11},"end":{"line":46,"column":null}},"type":"cond-expr","locations":[{"start":{"line":46,"column":30},"end":{"line":46,"column":41}},{"start":{"line":46,"column":44},"end":{"line":46,"column":null}}]},"4":{"loc":{"start":{"line":52,"column":17},"end":{"line":52,"column":null}},"type":"binary-expr","locations":[{"start":{"line":52,"column":17},"end":{"line":52,"column":63}},{"start":{"line":52,"column":63},"end":{"line":52,"column":null}}]},"5":{"loc":{"start":{"line":72,"column":4},"end":{"line":72,"column":null}},"type":"if","locations":[{"start":{"line":72,"column":4},"end":{"line":72,"column":null}},{"start":{},"end":{}}]},"6":{"loc":{"start":{"line":75,"column":6},"end":{"line":75,"column":null}},"type":"if","locations":[{"start":{"line":75,"column":6},"end":{"line":75,"column":null}},{"start":{},"end":{}}]},"7":{"loc":{"start":{"line":77,"column":20},"end":{"line":79,"column":17}},"type":"cond-expr","locations":[{"start":{"line":78,"column":10},"end":{"line":78,"column":null}},{"start":{"line":79,"column":10},"end":{"line":79,"column":17}}]},"8":{"loc":{"start":{"line":77,"column":20},"end":{"line":77,"column":null}},"type":"binary-expr","locations":[{"start":{"line":77,"column":20},"end":{"line":77,"column":41}},{"start":{"line":77,"column":41},"end":{"line":77,"column":null}}]},"9":{"loc":{"start":{"line":78,"column":34},"end":{"line":78,"column":65}},"type":"cond-expr","locations":[{"start":{"line":78,"column":56},"end":{"line":78,"column":64}},{"start":{"line":78,"column":64},"end":{"line":78,"column":65}}]},"10":{"loc":{"start":{"line":86,"column":4},"end":{"line":86,"column":null}},"type":"if","locations":[{"start":{"line":86,"column":4},"end":{"line":86,"column":null}},{"start":{},"end":{}}]},"11":{"loc":{"start":{"line":89,"column":6},"end":{"line":89,"column":null}},"type":"if","locations":[{"start":{"line":89,"column":6},"end":{"line":89,"column":null}},{"start":{},"end":{}}]},"12":{"loc":{"start":{"line":92,"column":6},"end":{"line":94,"column":null}},"type":"if","locations":[{"start":{"line":92,"column":6},"end":{"line":94,"column":null}},{"start":{},"end":{}}]},"13":{"loc":{"start":{"line":92,"column":10},"end":{"line":92,"column":45}},"type":"binary-expr","locations":[{"start":{"line":92,"column":10},"end":{"line":92,"column":18}},{"start":{"line":92,"column":18},"end":{"line":92,"column":45}}]},"14":{"loc":{"start":{"line":107,"column":4},"end":{"line":109,"column":null}},"type":"if","locations":[{"start":{"line":107,"column":4},"end":{"line":109,"column":null}},{"start":{},"end":{}}]},"15":{"loc":{"start":{"line":108,"column":18},"end":{"line":108,"column":null}},"type":"cond-expr","locations":[{"start":{"line":108,"column":39},"end":{"line":108,"column":52}},{"start":{"line":108,"column":55},"end":{"line":108,"column":null}}]},"16":{"loc":{"start":{"line":113,"column":4},"end":{"line":113,"column":null}},"type":"if","locations":[{"start":{"line":113,"column":4},"end":{"line":113,"column":null}},{"start":{},"end":{}}]},"17":{"loc":{"start":{"line":115,"column":6},"end":{"line":115,"column":null}},"type":"cond-expr","locations":[{"start":{"line":115,"column":26},"end":{"line":115,"column":88}},{"start":{"line":115,"column":88},"end":{"line":115,"column":null}}]}},"s":{"0":55,"1":1,"2":1,"3":1,"4":16,"5":0,"6":16,"7":16,"8":16,"9":0,"10":16,"11":0,"12":16,"13":16,"14":8,"15":55,"16":55,"17":8,"18":8,"19":55,"20":55,"21":55,"22":47,"23":55,"24":16,"25":16,"26":16,"27":55,"28":8,"29":8,"30":8,"31":8,"32":8,"33":55,"34":6,"35":0,"36":6,"37":6,"38":6,"39":0,"40":6,"41":6,"42":6,"43":6,"44":55,"45":2,"46":0,"47":2,"48":2,"49":2,"50":0,"51":2,"52":2,"53":2,"54":2,"55":2,"56":2,"57":55,"58":0,"59":55,"60":0,"61":0,"62":0,"63":0,"64":0,"65":55,"66":0,"67":0,"68":0,"69":0,"70":0,"71":55},"f":{"0":16,"1":16,"2":8,"3":55,"4":8,"5":47,"6":16,"7":8,"8":6,"9":6,"10":2,"11":2,"12":0,"13":0,"14":0,"15":0,"16":0},"b":{"0":[0,16],"1":[0,16],"2":[0,16],"3":[0,8],"4":[55,8],"5":[0,6],"6":[0,6],"7":[3,3],"8":[6,3],"9":[0,3],"10":[0,2],"11":[0,2],"12":[2,0],"13":[2,2],"14":[0,0],"15":[0,0],"16":[0,0],"17":[0,0]}}
,"/home/bright/code/szyg/web/lib/feature-tree.ts": {"path":"/home/bright/code/szyg/web/lib/feature-tree.ts","statementMap":{"0":{"start":{"line":21,"column":13},"end":{"line":21,"column":42}},"1":{"start":{"line":246,"column":16},"end":{"line":246,"column":34}},"2":{"start":{"line":258,"column":16},"end":{"line":258,"column":29}},"3":{"start":{"line":236,"column":16},"end":{"line":236,"column":32}},"4":{"start":{"line":21,"column":42},"end":{"line":233,"column":null}},"5":{"start":{"line":237,"column":32},"end":{"line":237,"column":34}},"6":{"start":{"line":238,"column":2},"end":{"line":241,"column":null}},"7":{"start":{"line":239,"column":4},"end":{"line":239,"column":null}},"8":{"start":{"line":239,"column":19},"end":{"line":239,"column":null}},"9":{"start":{"line":240,"column":4},"end":{"line":240,"column":null}},"10":{"start":{"line":240,"column":23},"end":{"line":240,"column":null}},"11":{"start":{"line":242,"column":2},"end":{"line":242,"column":null}},"12":{"start":{"line":247,"column":2},"end":{"line":253,"column":null}},"13":{"start":{"line":248,"column":4},"end":{"line":248,"column":null}},"14":{"start":{"line":248,"column":28},"end":{"line":248,"column":null}},"15":{"start":{"line":249,"column":4},"end":{"line":252,"column":null}},"16":{"start":{"line":250,"column":20},"end":{"line":250,"column":null}},"17":{"start":{"line":251,"column":6},"end":{"line":251,"column":null}},"18":{"start":{"line":251,"column":17},"end":{"line":251,"column":null}},"19":{"start":{"line":254,"column":2},"end":{"line":254,"column":null}},"20":{"start":{"line":259,"column":2},"end":{"line":265,"column":null}},"21":{"start":{"line":260,"column":4},"end":{"line":260,"column":null}},"22":{"start":{"line":260,"column":26},"end":{"line":260,"column":null}},"23":{"start":{"line":261,"column":4},"end":{"line":264,"column":null}},"24":{"start":{"line":262,"column":20},"end":{"line":262,"column":null}},"25":{"start":{"line":263,"column":6},"end":{"line":263,"column":null}},"26":{"start":{"line":263,"column":17},"end":{"line":263,"column":null}},"27":{"start":{"line":266,"column":2},"end":{"line":266,"column":null}}},"fnMap":{"0":{"name":"flattenFeatures","decl":{"start":{"line":236,"column":16},"end":{"line":236,"column":32}},"loc":{"start":{"line":236,"column":52},"end":{"line":243,"column":null}}},"1":{"name":"findFeatureByPath","decl":{"start":{"line":246,"column":16},"end":{"line":246,"column":34}},"loc":{"start":{"line":246,"column":82},"end":{"line":255,"column":null}}},"2":{"name":"findL1ByPath","decl":{"start":{"line":258,"column":16},"end":{"line":258,"column":29}},"loc":{"start":{"line":258,"column":77},"end":{"line":267,"column":null}}}},"branchMap":{"0":{"loc":{"start":{"line":239,"column":4},"end":{"line":239,"column":null}},"type":"if","locations":[{"start":{"line":239,"column":4},"end":{"line":239,"column":null}},{"start":{},"end":{}}]},"1":{"loc":{"start":{"line":240,"column":4},"end":{"line":240,"column":null}},"type":"if","locations":[{"start":{"line":240,"column":4},"end":{"line":240,"column":null}},{"start":{},"end":{}}]},"2":{"loc":{"start":{"line":246,"column":48},"end":{"line":246,"column":82}},"type":"default-arg","locations":[{"start":{"line":246,"column":71},"end":{"line":246,"column":82}}]},"3":{"loc":{"start":{"line":248,"column":4},"end":{"line":248,"column":null}},"type":"if","locations":[{"start":{"line":248,"column":4},"end":{"line":248,"column":null}},{"start":{},"end":{}}]},"4":{"loc":{"start":{"line":249,"column":4},"end":{"line":252,"column":null}},"type":"if","locations":[{"start":{"line":249,"column":4},"end":{"line":252,"column":null}},{"start":{},"end":{}}]},"5":{"loc":{"start":{"line":251,"column":6},"end":{"line":251,"column":null}},"type":"if","locations":[{"start":{"line":251,"column":6},"end":{"line":251,"column":null}},{"start":{},"end":{}}]},"6":{"loc":{"start":{"line":258,"column":43},"end":{"line":258,"column":77}},"type":"default-arg","locations":[{"start":{"line":258,"column":66},"end":{"line":258,"column":77}}]},"7":{"loc":{"start":{"line":260,"column":4},"end":{"line":260,"column":null}},"type":"if","locations":[{"start":{"line":260,"column":4},"end":{"line":260,"column":null}},{"start":{},"end":{}}]},"8":{"loc":{"start":{"line":261,"column":4},"end":{"line":264,"column":null}},"type":"if","locations":[{"start":{"line":261,"column":4},"end":{"line":264,"column":null}},{"start":{},"end":{}}]},"9":{"loc":{"start":{"line":263,"column":6},"end":{"line":263,"column":null}},"type":"if","locations":[{"start":{"line":263,"column":6},"end":{"line":263,"column":null}},{"start":{},"end":{}}]}},"s":{"0":85,"1":0,"2":73,"3":0,"4":3,"5":0,"6":0,"7":0,"8":0,"9":0,"10":0,"11":0,"12":365,"13":1460,"14":0,"15":1460,"16":0,"17":0,"18":0,"19":365,"20":73,"21":365,"22":0,"23":365,"24":365,"25":365,"26":0,"27":73},"f":{"0":0,"1":365,"2":73},"b":{"0":[0,0],"1":[0,0],"2":[0],"3":[0,1460],"4":[0,1460],"5":[0,0],"6":[73],"7":[0,365],"8":[365,0],"9":[0,365]}}
,"/home/bright/code/szyg/web/lib/hooks.ts": {"path":"/home/bright/code/szyg/web/lib/hooks.ts","statementMap":{"0":{"start":{"line":3,"column":9},"end":{"line":3,"column":18}},"1":{"start":{"line":3,"column":18},"end":{"line":3,"column":34}},"2":{"start":{"line":3,"column":34},"end":{"line":3,"column":null}}},"fnMap":{},"branchMap":{},"s":{"0":16,"1":12,"2":2},"f":{},"b":{}}
,"/home/bright/code/szyg/web/lib/utils.ts": {"path":"/home/bright/code/szyg/web/lib/utils.ts","statementMap":{"0":{"start":{"line":4,"column":16},"end":{"line":4,"column":19}},"1":{"start":{"line":1,"column":38},"end":{"line":1,"column":null}},"2":{"start":{"line":2,"column":24},"end":{"line":2,"column":null}},"3":{"start":{"line":5,"column":2},"end":{"line":5,"column":null}}},"fnMap":{"0":{"name":"cn","decl":{"start":{"line":4,"column":16},"end":{"line":4,"column":19}},"loc":{"start":{"line":4,"column":42},"end":{"line":6,"column":null}}}},"branchMap":{},"s":{"0":2188,"1":4,"2":4,"3":2188},"f":{"0":2188},"b":{}}
}
