TN:
SF:app/chat/ChatContent.tsx
FN:30,(anonymous_9)
FN:70,parseAssistantContent
FN:75,(anonymous_20)
FN:116,AssistantContent
FN:120,(anonymous_22)
FN:176,MessageContent
FN:183,ChatContent
FN:200,(anonymous_25)
FN:210,(anonymous_26)
FN:215,quickTest
FN:233,(anonymous_28)
FN:244,(anonymous_29)
FN:251,(anonymous_30)
FN:259,send
FN:284,(anonymous_32)
FN:315,(anonymous_33)
FN:379,(anonymous_34)
FN:384,(anonymous_35)
FN:387,(anonymous_36)
FN:398,(anonymous_37)
FN:409,(anonymous_38)
FN:426,(anonymous_39)
FN:436,(anonymous_40)
FN:462,(anonymous_41)
FN:470,(anonymous_42)
FN:478,(anonymous_43)
FN:488,(anonymous_44)
FN:532,(anonymous_45)
FN:533,(anonymous_46)
FNF:29
FNH:16
FNDA:0,(anonymous_9)
FNDA:3,parseAssistantContent
FNDA:4,(anonymous_20)
FNDA:3,AssistantContent
FNDA:1,(anonymous_22)
FNDA:9,MessageContent
FNDA:55,ChatContent
FNDA:44,(anonymous_25)
FNDA:44,(anonymous_26)
FNDA:0,quickTest
FNDA:0,(anonymous_28)
FNDA:8,(anonymous_29)
FNDA:22,(anonymous_30)
FNDA:3,send
FNDA:1,(anonymous_32)
FNDA:1,(anonymous_33)
FNDA:0,(anonymous_34)
FNDA:0,(anonymous_35)
FNDA:0,(anonymous_36)
FNDA:0,(anonymous_37)
FNDA:0,(anonymous_38)
FNDA:0,(anonymous_39)
FNDA:0,(anonymous_40)
FNDA:0,(anonymous_41)
FNDA:0,(anonymous_42)
FNDA:0,(anonymous_43)
FNDA:9,(anonymous_44)
FNDA:33,(anonymous_45)
FNDA:34,(anonymous_46)
DA:3,1
DA:4,1
DA:5,1
DA:6,1
DA:7,1
DA:8,1
DA:9,1
DA:10,1
DA:11,1
DA:22,1
DA:31,0
DA:32,0
DA:71,3
DA:72,3
DA:73,3
DA:75,3
DA:76,4
DA:77,2
DA:78,2
DA:79,2
DA:80,2
DA:81,2
DA:82,0
DA:84,2
DA:88,3
DA:89,3
DA:90,3
DA:91,0
DA:92,0
DA:93,3
DA:94,0
DA:95,0
DA:96,3
DA:97,0
DA:98,0
DA:99,3
DA:100,0
DA:101,0
DA:102,3
DA:103,1
DA:104,1
DA:105,2
DA:106,0
DA:107,0
DA:109,2
DA:112,3
DA:113,3
DA:117,3
DA:121,1
DA:122,0
DA:130,1
DA:131,0
DA:138,1
DA:139,0
DA:146,1
DA:147,0
DA:153,1
DA:154,0
DA:160,1
DA:161,1
DA:167,0
DA:168,0
DA:170,0
DA:177,9
DA:183,8
DA:184,55
DA:185,55
DA:190,55
DA:192,55
DA:193,55
DA:194,55
DA:195,55
DA:196,55
DA:197,55
DA:198,55
DA:200,55
DA:201,44
DA:202,44
DA:203,44
DA:204,44
DA:205,44
DA:206,0
DA:210,55
DA:211,44
DA:216,0
DA:217,0
DA:218,0
DA:219,0
DA:223,0
DA:224,0
DA:225,0
DA:226,0
DA:227,0
DA:231,0
DA:232,0
DA:233,0
DA:234,0
DA:235,0
DA:238,0
DA:240,0
DA:244,55
DA:245,8
DA:246,8
DA:251,55
DA:252,22
DA:253,22
DA:257,55
DA:260,3
DA:261,3
DA:262,3
DA:263,3
DA:264,3
DA:265,3
DA:267,3
DA:268,3
DA:275,2
DA:276,2
DA:277,2
DA:278,2
DA:279,2
DA:280,2
DA:281,2
DA:284,2
DA:285,1
DA:287,0
DA:288,0
DA:290,0
DA:291,0
DA:293,0
DA:294,0
DA:296,0
DA:297,0
DA:299,0
DA:300,0
DA:301,0
DA:303,0
DA:304,0
DA:306,0
DA:307,0
DA:309,0
DA:310,0
DA:315,2
DA:318,1
DA:319,1
DA:320,1
DA:321,1
DA:322,1
DA:323,1
DA:324,1
DA:325,1
DA:330,2
DA:331,3
DA:332,3
DA:334,1
DA:335,1
DA:337,3
DA:339,2
DA:340,2
DA:341,0
DA:342,0
DA:344,2
DA:349,2
DA:350,2
DA:351,2
DA:352,2
DA:354,2
DA:355,2
DA:356,2
DA:358,1
DA:360,3
DA:361,3
DA:379,0
DA:385,0
DA:387,0
DA:398,0
DA:409,0
DA:426,0
DA:436,0
DA:462,0
DA:470,0
DA:478,0
DA:489,9
DA:532,33
DA:534,34
DA:535,1
DA:536,1
LF:186
LH:119
BRDA:32,0,0,0
BRDA:32,0,1,0
BRDA:76,1,0,2
BRDA:76,1,1,2
BRDA:79,2,0,4
BRDA:79,2,1,2
BRDA:80,3,0,2
BRDA:80,3,1,0
BRDA:81,4,0,0
BRDA:81,4,1,2
BRDA:90,5,0,0
BRDA:90,5,1,3
BRDA:90,6,0,3
BRDA:90,6,1,3
BRDA:93,7,0,0
BRDA:93,7,1,3
BRDA:93,8,0,3
BRDA:93,8,1,3
BRDA:96,9,0,0
BRDA:96,9,1,3
BRDA:96,10,0,3
BRDA:96,10,1,3
BRDA:99,11,0,0
BRDA:99,11,1,3
BRDA:102,12,0,1
BRDA:102,12,1,2
BRDA:105,13,0,0
BRDA:105,13,1,2
BRDA:121,14,0,0
BRDA:121,14,1,1
BRDA:130,15,0,0
BRDA:130,15,1,1
BRDA:138,16,0,0
BRDA:138,16,1,1
BRDA:146,17,0,0
BRDA:146,17,1,1
BRDA:153,18,0,0
BRDA:153,18,1,1
BRDA:160,19,0,1
BRDA:160,19,1,0
BRDA:167,20,0,0
BRDA:167,20,1,0
BRDA:177,21,0,6
BRDA:177,21,1,3
BRDA:202,22,0,0
BRDA:202,22,1,44
BRDA:205,23,0,0
BRDA:205,23,1,44
BRDA:218,24,0,0
BRDA:218,24,1,0
BRDA:225,25,0,0
BRDA:225,25,1,0
BRDA:226,26,0,0
BRDA:226,26,1,0
BRDA:232,27,0,0
BRDA:232,27,1,0
BRDA:235,28,0,0
BRDA:235,28,1,0
BRDA:235,29,0,0
BRDA:235,29,1,0
BRDA:245,30,0,8
BRDA:245,30,1,0
BRDA:246,31,0,8
BRDA:246,31,1,0
BRDA:252,32,0,22
BRDA:252,32,1,0
BRDA:257,33,0,55
BRDA:257,33,1,8
BRDA:260,34,0,0
BRDA:260,34,1,3
BRDA:260,35,0,3
BRDA:260,35,1,3
BRDA:260,35,2,3
BRDA:285,36,0,0
BRDA:285,36,1,0
BRDA:285,36,2,0
BRDA:285,36,3,0
BRDA:285,36,4,0
BRDA:285,36,5,0
BRDA:285,36,6,0
BRDA:285,36,7,0
BRDA:319,37,0,0
BRDA:319,37,1,1
BRDA:323,38,0,0
BRDA:323,38,1,1
BRDA:324,39,0,1
BRDA:324,39,1,0
BRDA:330,40,0,3
BRDA:330,40,1,3
BRDA:332,41,0,1
BRDA:332,41,1,2
BRDA:337,42,0,2
BRDA:337,42,1,1
BRDA:340,43,0,0
BRDA:340,43,1,2
BRDA:350,44,0,0
BRDA:350,44,1,2
BRDA:351,45,0,0
BRDA:351,45,1,2
BRDA:352,46,0,0
BRDA:352,46,1,2
BRDA:354,47,0,2
BRDA:354,47,1,2
BRDA:355,48,0,2
BRDA:355,48,1,2
BRDA:369,49,0,55
BRDA:390,50,0,0
BRDA:390,50,1,0
BRDA:406,51,0,0
BRDA:429,52,0,0
BRDA:429,52,1,55
BRDA:433,53,0,55
BRDA:436,54,0,0
BRDA:436,54,1,0
BRDA:447,55,0,55
BRDA:453,56,0,55
BRDA:453,56,1,49
BRDA:467,57,0,0
BRDA:467,57,1,49
BRDA:475,58,0,0
BRDA:475,58,1,49
BRDA:493,59,0,6
BRDA:493,59,1,3
BRDA:495,60,0,6
BRDA:495,60,1,3
BRDA:496,61,0,6
BRDA:496,61,1,3
BRDA:497,62,0,6
BRDA:501,63,0,6
BRDA:501,63,1,3
BRDA:510,64,0,55
BRDA:534,65,0,1
BRDA:534,65,1,33
BRDA:534,66,0,34
BRDA:534,66,1,1
BRDA:547,67,0,55
BRDA:547,67,1,52
BRF:137
BRH:79
end_of_record
TN:
SF:components/AppLayout.tsx
FN:29,AppLayout
FN:41,(anonymous_3)
FN:45,(anonymous_4)
FN:54,(anonymous_5)
FN:59,(anonymous_6)
FN:77,(anonymous_7)
FN:105,(anonymous_8)
FN:117,(anonymous_9)
FN:125,(anonymous_10)
FN:135,(anonymous_11)
FN:152,(anonymous_12)
FN:159,(anonymous_13)
FN:189,(anonymous_14)
FN:192,(anonymous_15)
FN:209,(anonymous_16)
FN:238,(anonymous_17)
FN:257,(anonymous_18)
FN:263,(anonymous_19)
FN:272,(anonymous_20)
FN:287,CollapsedNav
FN:299,(anonymous_22)
FNF:21
FNH:3
FNDA:73,AppLayout
FNDA:21,(anonymous_3)
FNDA:73,(anonymous_4)
FNDA:0,(anonymous_5)
FNDA:0,(anonymous_6)
FNDA:0,(anonymous_7)
FNDA:0,(anonymous_8)
FNDA:0,(anonymous_9)
FNDA:0,(anonymous_10)
FNDA:0,(anonymous_11)
FNDA:0,(anonymous_12)
FNDA:0,(anonymous_13)
FNDA:0,(anonymous_14)
FNDA:0,(anonymous_15)
FNDA:0,(anonymous_16)
FNDA:0,(anonymous_17)
FNDA:0,(anonymous_18)
FNDA:0,(anonymous_19)
FNDA:0,(anonymous_20)
FNDA:0,CollapsedNav
FNDA:0,(anonymous_22)
DA:3,3
DA:4,3
DA:5,3
DA:6,3
DA:14,3
DA:15,3
DA:16,3
DA:17,3
DA:18,3
DA:19,3
DA:21,3
DA:29,73
DA:30,73
DA:31,73
DA:32,73
DA:33,73
DA:34,73
DA:35,73
DA:36,73
DA:37,73
DA:38,73
DA:39,73
DA:41,73
DA:42,21
DA:45,73
DA:46,73
DA:47,12
DA:49,73
DA:50,0
DA:54,73
DA:55,0
DA:56,0
DA:59,73
DA:60,0
DA:61,0
DA:77,0
DA:105,0
DA:117,0
DA:125,0
DA:135,0
DA:152,0
DA:159,0
DA:190,0
DA:192,0
DA:209,0
DA:238,0
DA:257,0
DA:263,0
DA:272,0
DA:288,0
DA:289,0
DA:300,0
LF:52
LH:30
BRDA:46,0,0,12
BRDA:46,0,1,61
BRDA:46,1,0,73
BRDA:46,1,1,73
BRDA:46,1,2,12
BRDA:49,2,0,0
BRDA:49,2,1,73
BRDA:49,3,0,73
BRDA:49,3,1,0
BRDA:49,3,2,0
BRDA:49,3,3,0
BRDA:65,4,0,73
BRDA:65,4,1,0
BRDA:71,5,0,73
BRDA:87,6,0,73
BRDA:87,6,1,0
BRDA:88,7,0,0
BRDA:88,7,1,73
BRDA:89,8,0,0
BRDA:89,8,1,73
BRDA:98,9,0,73
BRDA:108,10,0,0
BRDA:115,11,0,0
BRDA:115,12,0,0
BRDA:115,12,1,0
BRDA:130,13,0,73
BRDA:131,14,0,73
BRDA:131,14,1,12
BRDA:141,15,0,73
BRDA:148,16,0,0
BRDA:148,16,1,0
BRDA:157,17,0,0
BRDA:181,18,0,73
BRDA:207,19,0,73
BRDA:207,19,1,0
BRDA:232,20,0,73
BRDA:232,20,1,55
BRDA:234,21,0,73
BRDA:251,22,0,73
BRDA:306,23,0,0
BRDA:306,23,1,0
BRF:41
BRH:23
end_of_record
TN:
SF:components/FeatureNav.tsx
FN:44,FeatureNav
FN:47,(anonymous_3)
FN:53,(anonymous_4)
FN:54,(anonymous_5)
FN:59,(anonymous_6)
FN:69,(anonymous_7)
FN:98,(anonymous_8)
FNF:7
FNH:4
FNDA:73,FeatureNav
FNDA:21,(anonymous_3)
FNDA:0,(anonymous_4)
FNDA:0,(anonymous_5)
FNDA:365,(anonymous_6)
FNDA:0,(anonymous_7)
FNDA:365,(anonymous_8)
DA:3,3
DA:4,3
DA:5,3
DA:6,3
DA:13,3
DA:14,3
DA:15,3
DA:17,3
DA:25,3
DA:33,3
DA:44,73
DA:45,73
DA:46,73
DA:47,73
DA:49,21
DA:50,21
DA:53,73
DA:54,0
DA:60,365
DA:61,365
DA:62,365
DA:63,365
DA:65,365
DA:69,0
DA:99,365
DA:100,365
DA:101,365
DA:105,365
LF:28
LH:26
BRDA:46,0,0,73
BRDA:46,0,1,0
BRDA:49,1,0,0
BRDA:49,1,1,21
BRDA:58,2,0,73
BRDA:58,2,1,0
BRDA:62,3,0,365
BRDA:62,3,1,0
BRDA:63,4,0,365
BRDA:63,4,1,0
BRDA:72,5,0,0
BRDA:72,5,1,365
BRDA:77,6,0,365
BRDA:77,6,1,0
BRDA:82,7,0,365
BRDA:82,7,1,73
BRDA:89,8,0,365
BRDA:100,9,0,365
BRDA:100,9,1,0
BRDA:101,10,0,0
BRDA:101,10,1,365
BRDA:108,11,0,365
BRDA:108,11,1,0
BRDA:112,12,0,0
BRDA:112,12,1,365
BRDA:117,13,0,365
BRDA:117,13,1,0
BRDA:120,14,0,365
BRDA:124,15,0,73
BRDA:124,15,1,0
BRDA:125,16,0,73
BRDA:125,16,1,73
BRDA:126,17,0,73
BRDA:126,17,1,0
BRDA:129,18,0,0
BRDA:129,18,1,73
BRDA:129,19,0,73
BRDA:129,19,1,0
BRDA:133,20,0,365
BRDA:133,20,1,0
BRF:40
BRH:23
end_of_record
TN:
SF:components/Particles.tsx
FN:14,Particles
FN:17,(anonymous_2)
FN:27,(anonymous_3)
FN:46,(anonymous_4)
FN:52,(anonymous_5)
FN:56,(anonymous_6)
FN:112,(anonymous_7)
FNF:7
FNH:6
FNDA:75,Particles
FNDA:23,(anonymous_2)
FNDA:1,(anonymous_3)
FNDA:0,(anonymous_4)
FNDA:1,(anonymous_5)
FNDA:34,(anonymous_6)
FNDA:1,(anonymous_7)
DA:3,4
DA:14,75
DA:15,75
DA:17,75
DA:18,23
DA:19,23
DA:20,23
DA:21,23
DA:23,1
DA:25,1
DA:27,1
DA:28,1
DA:29,1
DA:31,1
DA:32,1
DA:34,1
DA:35,1
DA:36,34
DA:46,1
DA:47,0
DA:48,0
DA:50,1
DA:52,1
DA:53,1
DA:54,1
DA:56,1
DA:57,34
DA:58,34
DA:59,34
DA:60,34
DA:62,34
DA:63,34
DA:64,34
DA:66,34
DA:67,34
DA:68,34
DA:69,34
DA:70,34
DA:72,34
DA:74,34
DA:75,561
DA:76,561
DA:77,561
DA:78,561
DA:79,561
DA:80,43
DA:81,43
DA:82,43
DA:83,43
DA:84,43
DA:85,43
DA:86,43
DA:87,43
DA:88,43
DA:92,34
DA:93,34
DA:94,34
DA:95,34
DA:96,0
DA:97,0
DA:98,0
DA:99,0
DA:100,0
DA:101,0
DA:102,0
DA:103,0
DA:104,0
DA:108,1
DA:110,1
DA:112,1
DA:113,1
DA:114,1
DA:115,1
LF:73
LH:62
BRDA:19,0,0,0
BRDA:19,0,1,23
BRDA:21,1,0,22
BRDA:21,1,1,1
BRDA:54,2,0,1
BRDA:54,2,1,0
BRDA:59,3,0,0
BRDA:59,3,1,34
BRDA:59,4,0,34
BRDA:59,4,1,34
BRDA:60,5,0,0
BRDA:60,5,1,34
BRDA:60,6,0,34
BRDA:60,6,1,34
BRDA:66,7,0,34
BRDA:66,7,1,0
BRDA:79,8,0,43
BRDA:79,8,1,518
BRDA:95,9,0,0
BRDA:95,9,1,34
BRF:20
BRH:14
end_of_record
TN:
SF:components/PlaceholderPage.tsx
FN:36,PlaceholderPage
FNF:1
FNH:0
FNDA:0,PlaceholderPage
DA:3,0
DA:4,0
DA:10,0
DA:13,0
DA:20,0
DA:26,0
DA:36,0
DA:37,0
DA:38,0
DA:39,0
LF:10
LH:0
BRDA:37,0,0,0
BRDA:37,0,1,0
BRDA:38,1,0,0
BRDA:38,1,1,0
BRDA:39,2,0,0
BRDA:39,2,1,0
BRDA:62,3,0,0
BRDA:70,4,0,0
BRDA:75,5,0,0
BRF:9
BRH:0
end_of_record
TN:
SF:components/TitleBar.tsx
FN:17,TitleBar
FN:20,(anonymous_2)
FN:38,(anonymous_3)
FN:44,(anonymous_4)
FN:50,(anonymous_5)
FNF:5
FNH:2
FNDA:73,TitleBar
FNDA:21,(anonymous_2)
FNDA:0,(anonymous_3)
FNDA:0,(anonymous_4)
FNDA:0,(anonymous_5)
DA:3,3
DA:4,3
DA:17,73
DA:18,73
DA:20,73
DA:21,21
DA:24,73
DA:38,0
DA:44,0
DA:50,0
LF:10
LH:7
BRDA:24,0,0,73
BRDA:24,0,1,0
BRF:2
BRH:1
end_of_record
TN:
SF:lib/api.ts
FN:7,(anonymous_2)
FNF:1
FNH:0
FNDA:0,(anonymous_2)
DA:1,1
DA:3,1
DA:7,1
DA:8,0
DA:9,0
DA:10,0
DA:13,6
LF:7
LH:4
BRDA:8,0,0,0
BRDA:8,0,1,0
BRDA:9,1,0,0
BRDA:9,1,1,0
BRF:4
BRH:0
end_of_record
TN:
SF:lib/chat-store.ts
FN:22,loadConversations
FN:32,saveConversations
FN:38,genId
FN:42,useChatStore
FN:44,(anonymous_5)
FN:52,(anonymous_6)
FN:54,(anonymous_7)
FN:60,(anonymous_8)
FN:71,(anonymous_9)
FN:74,(anonymous_10)
FN:85,(anonymous_11)
FN:88,(anonymous_12)
FN:100,(anonymous_13)
FN:104,(anonymous_14)
FN:105,(anonymous_15)
FN:112,(anonymous_16)
FN:114,(anonymous_17)
FNF:17
FNH:12
FNDA:16,loadConversations
FNDA:16,saveConversations
FNDA:8,genId
FNDA:55,useChatStore
FNDA:8,(anonymous_5)
FNDA:47,(anonymous_6)
FNDA:16,(anonymous_7)
FNDA:8,(anonymous_8)
FNDA:6,(anonymous_9)
FNDA:6,(anonymous_10)
FNDA:2,(anonymous_11)
FNDA:2,(anonymous_12)
FNDA:0,(anonymous_13)
FNDA:0,(anonymous_14)
FNDA:0,(anonymous_15)
FNDA:0,(anonymous_16)
FNDA:0,(anonymous_17)
DA:3,1
DA:19,1
DA:20,1
DA:23,16
DA:24,16
DA:25,16
DA:26,16
DA:28,0
DA:33,16
DA:34,16
DA:35,16
DA:39,8
DA:42,55
DA:43,55
DA:44,55
DA:45,8
DA:46,8
DA:49,55
DA:50,55
DA:52,55
DA:54,55
DA:55,16
DA:56,16
DA:57,16
DA:60,55
DA:61,8
DA:65,8
DA:66,8
DA:67,8
DA:68,8
DA:71,55
DA:72,6
DA:73,6
DA:74,6
DA:75,6
DA:76,6
DA:77,6
DA:80,6
DA:82,6
DA:85,55
DA:86,2
DA:87,2
DA:88,2
DA:89,2
DA:90,2
DA:91,2
DA:92,2
DA:93,2
DA:95,2
DA:97,2
DA:100,55
DA:101,0
DA:104,55
DA:105,0
DA:106,0
DA:107,0
DA:108,0
DA:112,55
DA:113,0
DA:114,0
DA:115,0
DA:117,0
DA:120,55
LF:63
LH:53
BRDA:23,0,0,0
BRDA:23,0,1,16
BRDA:26,1,0,0
BRDA:26,1,1,16
BRDA:33,2,0,0
BRDA:33,2,1,16
BRDA:46,3,0,0
BRDA:46,3,1,8
BRDA:52,4,0,55
BRDA:52,4,1,8
BRDA:72,5,0,0
BRDA:72,5,1,6
BRDA:75,6,0,0
BRDA:75,6,1,6
BRDA:77,7,0,3
BRDA:77,7,1,3
BRDA:77,8,0,6
BRDA:77,8,1,3
BRDA:78,9,0,0
BRDA:78,9,1,3
BRDA:86,10,0,0
BRDA:86,10,1,2
BRDA:89,11,0,0
BRDA:89,11,1,2
BRDA:92,12,0,2
BRDA:92,12,1,0
BRDA:92,13,0,2
BRDA:92,13,1,2
BRDA:107,14,0,0
BRDA:107,14,1,0
BRDA:108,15,0,0
BRDA:108,15,1,0
BRDA:113,16,0,0
BRDA:113,16,1,0
BRDA:115,17,0,0
BRDA:115,17,1,0
BRF:36
BRH:18
end_of_record
TN:
SF:lib/feature-tree.ts
FN:236,flattenFeatures
FN:246,findFeatureByPath
FN:258,findL1ByPath
FNF:3
FNH:2
FNDA:0,flattenFeatures
FNDA:365,findFeatureByPath
FNDA:73,findL1ByPath
DA:21,85
DA:236,0
DA:237,0
DA:238,0
DA:239,0
DA:240,0
DA:242,0
DA:246,0
DA:247,365
DA:248,1460
DA:249,1460
DA:250,0
DA:251,0
DA:254,365
DA:258,73
DA:259,73
DA:260,365
DA:261,365
DA:262,365
DA:263,365
DA:266,73
LF:21
LH:12
BRDA:239,0,0,0
BRDA:239,0,1,0
BRDA:240,1,0,0
BRDA:240,1,1,0
BRDA:246,2,0,0
BRDA:248,3,0,0
BRDA:248,3,1,1460
BRDA:249,4,0,0
BRDA:249,4,1,1460
BRDA:251,5,0,0
BRDA:251,5,1,0
BRDA:258,6,0,73
BRDA:260,7,0,0
BRDA:260,7,1,365
BRDA:261,8,0,365
BRDA:261,8,1,0
BRDA:263,9,0,0
BRDA:263,9,1,365
BRF:18
BRH:6
end_of_record
TN:
SF:lib/hooks.ts
FNF:0
FNH:0
DA:3,16
LF:1
LH:1
BRF:0
BRH:0
end_of_record
TN:
SF:lib/utils.ts
FN:4,cn
FNF:1
FNH:1
FNDA:2188,cn
DA:1,4
DA:2,4
DA:4,2188
DA:5,2188
LF:4
LH:4
BRF:0
BRH:0
end_of_record
